2024-10-03 12:28:50,270 - INFO - Servidor iniciado en 10.0.0.1:12345
2024-10-03 12:28:53,785 - DEBUG - Nuevo cliente: ('10.0.0.3', 37304)
2024-10-03 12:28:53,786 - INFO - Se va a recibir el archivo enunciado.pdf
2024-10-03 12:28:53,786 - INFO - Recibiendo archivo en server_storage/enunciado.pdf desde ('10.0.0.3', 37304)
2024-10-03 12:28:53,786 - DEBUG - Ultimo recibido: 1
2024-10-03 12:28:53,786 - INFO - Es duplicado 1
2024-10-03 12:28:53,786 - DEBUG - Ultimo recibido: 2
2024-10-03 12:28:53,786 - INFO - Es duplicado 2
2024-10-03 12:28:53,786 - DEBUG - Ultimo recibido: 3
2024-10-03 12:28:53,787 - INFO - Es duplicado 3
2024-10-03 12:28:53,787 - DEBUG - Ultimo recibido: 4
2024-10-03 12:28:53,787 - INFO - Es duplicado 4
2024-10-03 12:28:53,787 - DEBUG - Ultimo recibido: 5
2024-10-03 12:28:53,787 - INFO - Es duplicado 5
2024-10-03 12:28:53,787 - DEBUG - Ultimo recibido: 6
2024-10-03 12:28:53,787 - INFO - Es duplicado 6
2024-10-03 12:28:53,787 - DEBUG - Ultimo recibido: 7
2024-10-03 12:28:53,787 - INFO - Es duplicado 7
2024-10-03 12:28:53,787 - DEBUG - Ultimo recibido: 8
2024-10-03 12:28:53,787 - INFO - Es duplicado 8
2024-10-03 12:28:53,787 - DEBUG - Ultimo recibido: 9
2024-10-03 12:28:53,787 - INFO - Es duplicado 9
2024-10-03 12:28:53,787 - DEBUG - Ultimo recibido: 10
2024-10-03 12:28:53,787 - INFO - Es duplicado 10
2024-10-03 12:28:53,788 - DEBUG - Ultimo recibido: 11
2024-10-03 12:28:53,788 - INFO - Es duplicado 11
2024-10-03 12:28:53,788 - DEBUG - Ultimo recibido: 12
2024-10-03 12:28:53,788 - INFO - Es duplicado 12
2024-10-03 12:28:53,788 - DEBUG - Ultimo recibido: 13
2024-10-03 12:28:53,788 - INFO - Es duplicado 13
2024-10-03 12:28:53,788 - DEBUG - Ultimo recibido: 14
2024-10-03 12:28:53,789 - INFO - Es duplicado 14
2024-10-03 12:28:53,789 - DEBUG - Ultimo recibido: 15
2024-10-03 12:28:53,789 - INFO - Es duplicado 15
2024-10-03 12:28:53,789 - DEBUG - Ultimo recibido: 16
2024-10-03 12:28:53,789 - INFO - Es duplicado 16
2024-10-03 12:28:53,789 - DEBUG - Ultimo recibido: 17
2024-10-03 12:28:53,789 - INFO - Es duplicado 17
2024-10-03 12:28:53,789 - DEBUG - Ultimo recibido: 18
2024-10-03 12:28:53,789 - INFO - Es duplicado 18
2024-10-03 12:28:53,789 - DEBUG - Ultimo recibido: 19
2024-10-03 12:28:53,789 - INFO - Es duplicado 19
2024-10-03 12:28:53,789 - DEBUG - Ultimo recibido: 20
2024-10-03 12:28:53,790 - INFO - Es duplicado 20
2024-10-03 12:28:53,790 - DEBUG - Ultimo recibido: 21
2024-10-03 12:28:53,790 - INFO - Es duplicado 21
2024-10-03 12:28:53,790 - DEBUG - Ultimo recibido: 22
2024-10-03 12:28:53,790 - INFO - Es duplicado 22
2024-10-03 12:28:53,790 - DEBUG - Ultimo recibido: 23
2024-10-03 12:28:53,790 - INFO - Es duplicado 23
2024-10-03 12:28:53,790 - DEBUG - Ultimo recibido: 24
2024-10-03 12:28:53,790 - INFO - Es duplicado 24
2024-10-03 12:28:53,790 - DEBUG - Ultimo recibido: 25
2024-10-03 12:28:53,790 - INFO - Es duplicado 25
2024-10-03 12:28:53,790 - DEBUG - Ultimo recibido: 26
2024-10-03 12:28:53,790 - INFO - Es duplicado 26
2024-10-03 12:28:53,790 - DEBUG - Ultimo recibido: 27
2024-10-03 12:28:53,791 - INFO - Es duplicado 27
2024-10-03 12:28:53,791 - DEBUG - Ultimo recibido: 28
2024-10-03 12:28:53,791 - INFO - Es duplicado 28
2024-10-03 12:28:53,791 - DEBUG - Ultimo recibido: 29
2024-10-03 12:28:53,791 - INFO - Es duplicado 29
2024-10-03 12:28:53,791 - DEBUG - Ultimo recibido: 30
2024-10-03 12:28:53,791 - INFO - Es duplicado 30
2024-10-03 12:28:53,791 - DEBUG - Ultimo recibido: 31
2024-10-03 12:28:53,791 - INFO - Es duplicado 31
2024-10-03 12:28:53,791 - DEBUG - Ultimo recibido: 32
2024-10-03 12:28:53,791 - INFO - Es duplicado 32
2024-10-03 12:28:53,791 - DEBUG - Ultimo recibido: 33
2024-10-03 12:28:53,791 - INFO - Es duplicado 33
2024-10-03 12:28:53,791 - DEBUG - Ultimo recibido: 34
2024-10-03 12:28:53,791 - INFO - Es duplicado 34
2024-10-03 12:28:53,791 - DEBUG - Ultimo recibido: 35
2024-10-03 12:28:53,791 - INFO - Es duplicado 35
2024-10-03 12:28:53,792 - DEBUG - Ultimo recibido: 36
2024-10-03 12:28:53,792 - INFO - Es duplicado 36
2024-10-03 12:28:53,792 - DEBUG - Ultimo recibido: 37
2024-10-03 12:28:53,792 - INFO - Es duplicado 37
2024-10-03 12:28:53,792 - DEBUG - Ultimo recibido: 38
2024-10-03 12:28:53,792 - INFO - Es duplicado 38
2024-10-03 12:28:53,792 - DEBUG - Ultimo recibido: 39
2024-10-03 12:28:53,792 - INFO - Es duplicado 39
2024-10-03 12:28:53,792 - DEBUG - Ultimo recibido: 40
2024-10-03 12:28:53,792 - INFO - Es duplicado 40
2024-10-03 12:28:53,792 - DEBUG - Ultimo recibido: 41
2024-10-03 12:28:53,792 - INFO - Es duplicado 41
2024-10-03 12:28:53,792 - DEBUG - Ultimo recibido: 42
2024-10-03 12:28:53,792 - INFO - Es duplicado 42
2024-10-03 12:28:53,792 - DEBUG - Ultimo recibido: 43
2024-10-03 12:28:53,792 - INFO - Es duplicado 43
2024-10-03 12:28:53,792 - DEBUG - Ultimo recibido: 44
2024-10-03 12:28:53,792 - INFO - Es duplicado 44
2024-10-03 12:28:53,792 - DEBUG - Ultimo recibido: 45
2024-10-03 12:28:53,792 - INFO - Es duplicado 45
2024-10-03 12:28:53,792 - DEBUG - Ultimo recibido: 46
2024-10-03 12:28:53,793 - INFO - Es duplicado 46
2024-10-03 12:28:53,793 - DEBUG - Ultimo recibido: 47
2024-10-03 12:28:53,793 - INFO - Es duplicado 47
2024-10-03 12:28:53,793 - DEBUG - Longitud received packets: 1
2024-10-03 12:28:53,793 - DEBUG - Range start: 49
2024-10-03 12:28:53,793 - DEBUG - Recibi algo malo. Espero 48 pero tengo 49-49
2024-10-03 12:28:53,793 - INFO - Es duplicado 49
2024-10-03 12:28:53,793 - DEBUG - Longitud received packets: 2
2024-10-03 12:28:53,793 - DEBUG - Range start: 49
2024-10-03 12:28:53,793 - DEBUG - packet number: [49, 50]
2024-10-03 12:28:53,793 - DEBUG - Recibi algo malo. Espero 48 pero tengo 49-50
2024-10-03 12:28:53,793 - INFO - Es duplicado 50
2024-10-03 12:28:53,793 - DEBUG - Longitud received packets: 3
2024-10-03 12:28:53,793 - DEBUG - Range start: 49
2024-10-03 12:28:53,793 - DEBUG - packet number: [49, 50, 51]
2024-10-03 12:28:53,793 - DEBUG - packet number: [49, 50, 51]
2024-10-03 12:28:53,793 - DEBUG - Recibi algo malo. Espero 48 pero tengo 49-51
2024-10-03 12:28:53,793 - INFO - Es duplicado 51
2024-10-03 12:28:53,793 - DEBUG - Longitud received packets: 4
2024-10-03 12:28:53,793 - DEBUG - Range start: 49
2024-10-03 12:28:53,793 - DEBUG - packet number: [49, 50, 51, 52]
2024-10-03 12:28:53,793 - DEBUG - packet number: [49, 50, 51, 52]
2024-10-03 12:28:53,793 - DEBUG - packet number: [49, 50, 51, 52]
2024-10-03 12:28:53,793 - DEBUG - Recibi algo malo. Espero 48 pero tengo 49-52
2024-10-03 12:28:53,794 - INFO - Es duplicado 52
2024-10-03 12:28:53,794 - DEBUG - Longitud received packets: 5
2024-10-03 12:28:53,794 - DEBUG - Range start: 49
2024-10-03 12:28:53,794 - DEBUG - packet number: [49, 50, 51, 52, 53]
2024-10-03 12:28:53,794 - DEBUG - packet number: [49, 50, 51, 52, 53]
2024-10-03 12:28:53,794 - DEBUG - packet number: [49, 50, 51, 52, 53]
2024-10-03 12:28:53,794 - DEBUG - packet number: [49, 50, 51, 52, 53]
2024-10-03 12:28:53,794 - DEBUG - Recibi algo malo. Espero 48 pero tengo 49-53
2024-10-03 12:28:53,794 - INFO - Es duplicado 53
2024-10-03 12:28:53,794 - DEBUG - Longitud received packets: 6
2024-10-03 12:28:53,794 - DEBUG - Range start: 49
2024-10-03 12:28:53,794 - DEBUG - packet number: [49, 50, 51, 52, 53, 54]
2024-10-03 12:28:53,794 - DEBUG - packet number: [49, 50, 51, 52, 53, 54]
2024-10-03 12:28:53,794 - DEBUG - packet number: [49, 50, 51, 52, 53, 54]
2024-10-03 12:28:53,794 - DEBUG - packet number: [49, 50, 51, 52, 53, 54]
2024-10-03 12:28:53,794 - DEBUG - packet number: [49, 50, 51, 52, 53, 54]
2024-10-03 12:28:53,794 - DEBUG - Recibi algo malo. Espero 48 pero tengo 49-54
2024-10-03 12:28:53,794 - INFO - Es duplicado 54
2024-10-03 12:28:53,794 - DEBUG - Longitud received packets: 7
2024-10-03 12:28:53,794 - DEBUG - Range start: 49
2024-10-03 12:28:53,794 - DEBUG - packet number: [49, 50, 51, 52, 53, 54, 55]
2024-10-03 12:28:53,794 - DEBUG - packet number: [49, 50, 51, 52, 53, 54, 55]
2024-10-03 12:28:53,794 - DEBUG - packet number: [49, 50, 51, 52, 53, 54, 55]
2024-10-03 12:28:53,794 - DEBUG - packet number: [49, 50, 51, 52, 53, 54, 55]
2024-10-03 12:28:53,794 - DEBUG - packet number: [49, 50, 51, 52, 53, 54, 55]
2024-10-03 12:28:53,794 - DEBUG - packet number: [49, 50, 51, 52, 53, 54, 55]
2024-10-03 12:28:53,795 - DEBUG - Recibi algo malo. Espero 48 pero tengo 49-55
2024-10-03 12:28:53,795 - INFO - Es duplicado 55
2024-10-03 12:28:53,795 - DEBUG - Longitud received packets: 8
2024-10-03 12:28:53,795 - DEBUG - Range start: 49
2024-10-03 12:28:53,795 - DEBUG - packet number: [49, 50, 51, 52, 53, 54, 55, 56]
2024-10-03 12:28:53,795 - DEBUG - packet number: [49, 50, 51, 52, 53, 54, 55, 56]
2024-10-03 12:28:53,795 - DEBUG - packet number: [49, 50, 51, 52, 53, 54, 55, 56]
2024-10-03 12:28:53,795 - DEBUG - packet number: [49, 50, 51, 52, 53, 54, 55, 56]
2024-10-03 12:28:53,795 - DEBUG - packet number: [49, 50, 51, 52, 53, 54, 55, 56]
2024-10-03 12:28:53,795 - DEBUG - packet number: [49, 50, 51, 52, 53, 54, 55, 56]
2024-10-03 12:28:53,795 - DEBUG - packet number: [49, 50, 51, 52, 53, 54, 55, 56]
2024-10-03 12:28:53,795 - DEBUG - Recibi algo malo. Espero 48 pero tengo 49-56
2024-10-03 12:28:53,795 - INFO - Es duplicado 56
