2024-10-03 12:32:07,963 - INFO - Servidor iniciado en 10.0.0.1:12345
2024-10-03 12:32:10,744 - DEBUG - Nuevo cliente: ('10.0.0.2', 48041)
2024-10-03 12:32:10,745 - INFO - Se va a recibir el archivo enunciado.pdf
2024-10-03 12:32:10,745 - INFO - Recibiendo archivo en server_storage/enunciado.pdf desde ('10.0.0.2', 48041)
2024-10-03 12:32:10,745 - DEBUG - Ultimo recibido: 1
2024-10-03 12:32:10,745 - INFO - Es duplicado 1
2024-10-03 12:32:10,745 - DEBUG - Ultimo recibido: 2
2024-10-03 12:32:10,745 - INFO - Es duplicado 2
2024-10-03 12:32:10,745 - DEBUG - Ultimo recibido: 3
2024-10-03 12:32:10,745 - INFO - Es duplicado 3
2024-10-03 12:32:10,745 - DEBUG - Ultimo recibido: 4
2024-10-03 12:32:10,745 - INFO - Es duplicado 4
2024-10-03 12:32:10,745 - DEBUG - Ultimo recibido: 5
2024-10-03 12:32:10,746 - INFO - Es duplicado 5
2024-10-03 12:32:10,746 - DEBUG - Ultimo recibido: 6
2024-10-03 12:32:10,746 - INFO - Es duplicado 6
2024-10-03 12:32:10,746 - DEBUG - Ultimo recibido: 7
2024-10-03 12:32:10,746 - INFO - Es duplicado 7
2024-10-03 12:32:10,746 - DEBUG - Ultimo recibido: 8
2024-10-03 12:32:10,746 - INFO - Es duplicado 8
2024-10-03 12:32:10,746 - DEBUG - Ultimo recibido: 9
2024-10-03 12:32:10,746 - INFO - Es duplicado 9
2024-10-03 12:32:10,746 - DEBUG - Ultimo recibido: 10
2024-10-03 12:32:10,746 - INFO - Es duplicado 10
2024-10-03 12:32:10,747 - DEBUG - Ultimo recibido: 11
2024-10-03 12:32:10,747 - INFO - Es duplicado 11
2024-10-03 12:32:10,747 - DEBUG - Ultimo recibido: 12
2024-10-03 12:32:10,747 - INFO - Es duplicado 12
2024-10-03 12:32:10,748 - DEBUG - Ultimo recibido: 13
2024-10-03 12:32:10,748 - INFO - Es duplicado 13
2024-10-03 12:32:10,748 - DEBUG - Ultimo recibido: 14
2024-10-03 12:32:10,748 - INFO - Es duplicado 14
2024-10-03 12:32:10,748 - DEBUG - Ultimo recibido: 15
2024-10-03 12:32:10,748 - INFO - Es duplicado 15
2024-10-03 12:32:10,748 - DEBUG - Ultimo recibido: 16
2024-10-03 12:32:10,748 - INFO - Es duplicado 16
2024-10-03 12:32:10,748 - DEBUG - Ultimo recibido: 17
2024-10-03 12:32:10,748 - INFO - Es duplicado 17
2024-10-03 12:32:10,748 - DEBUG - Ultimo recibido: 18
2024-10-03 12:32:10,749 - INFO - Es duplicado 18
2024-10-03 12:32:10,749 - DEBUG - Ultimo recibido: 19
2024-10-03 12:32:10,749 - INFO - Es duplicado 19
2024-10-03 12:32:10,749 - DEBUG - Ultimo recibido: 20
2024-10-03 12:32:10,749 - INFO - Es duplicado 20
2024-10-03 12:32:10,749 - DEBUG - Ultimo recibido: 21
2024-10-03 12:32:10,749 - INFO - Es duplicado 21
2024-10-03 12:32:10,749 - DEBUG - Ultimo recibido: 22
2024-10-03 12:32:10,749 - INFO - Es duplicado 22
2024-10-03 12:32:10,749 - DEBUG - Ultimo recibido: 23
2024-10-03 12:32:10,749 - INFO - Es duplicado 23
2024-10-03 12:32:10,749 - DEBUG - Ultimo recibido: 24
2024-10-03 12:32:10,749 - INFO - Es duplicado 24
2024-10-03 12:32:10,750 - DEBUG - Ultimo recibido: 25
2024-10-03 12:32:10,750 - INFO - Es duplicado 25
2024-10-03 12:32:10,750 - DEBUG - Ultimo recibido: 26
2024-10-03 12:32:10,750 - INFO - Es duplicado 26
2024-10-03 12:32:10,750 - DEBUG - Ultimo recibido: 27
2024-10-03 12:32:10,750 - INFO - Es duplicado 27
2024-10-03 12:32:10,751 - DEBUG - Ultimo recibido: 28
2024-10-03 12:32:10,751 - INFO - Es duplicado 28
2024-10-03 12:32:10,751 - DEBUG - Ultimo recibido: 29
2024-10-03 12:32:10,751 - INFO - Es duplicado 29
2024-10-03 12:32:10,751 - DEBUG - Ultimo recibido: 30
2024-10-03 12:32:10,751 - INFO - Es duplicado 30
2024-10-03 12:32:10,751 - DEBUG - Ultimo recibido: 31
2024-10-03 12:32:10,751 - INFO - Es duplicado 31
2024-10-03 12:32:10,751 - DEBUG - Ultimo recibido: 32
2024-10-03 12:32:10,751 - INFO - Es duplicado 32
2024-10-03 12:32:10,751 - DEBUG - Ultimo recibido: 33
2024-10-03 12:32:10,751 - INFO - Es duplicado 33
2024-10-03 12:32:10,751 - DEBUG - Ultimo recibido: 34
2024-10-03 12:32:10,751 - INFO - Es duplicado 34
2024-10-03 12:32:10,752 - DEBUG - Ultimo recibido: 35
2024-10-03 12:32:10,752 - INFO - Es duplicado 35
2024-10-03 12:32:10,752 - DEBUG - Ultimo recibido: 36
2024-10-03 12:32:10,752 - INFO - Es duplicado 36
2024-10-03 12:32:10,752 - DEBUG - Ultimo recibido: 37
2024-10-03 12:32:10,752 - INFO - Es duplicado 37
2024-10-03 12:32:10,752 - DEBUG - Ultimo recibido: 38
2024-10-03 12:32:10,752 - INFO - Es duplicado 38
2024-10-03 12:32:10,752 - DEBUG - Ultimo recibido: 39
2024-10-03 12:32:10,752 - INFO - Es duplicado 39
2024-10-03 12:32:10,752 - DEBUG - Ultimo recibido: 40
2024-10-03 12:32:10,752 - INFO - Es duplicado 40
2024-10-03 12:32:10,752 - DEBUG - Ultimo recibido: 41
2024-10-03 12:32:10,752 - INFO - Es duplicado 41
2024-10-03 12:32:10,752 - DEBUG - Ultimo recibido: 42
2024-10-03 12:32:10,752 - INFO - Es duplicado 42
2024-10-03 12:32:10,752 - DEBUG - Ultimo recibido: 43
2024-10-03 12:32:10,752 - INFO - Es duplicado 43
2024-10-03 12:32:10,752 - DEBUG - Ultimo recibido: 44
2024-10-03 12:32:10,753 - INFO - Es duplicado 44
2024-10-03 12:32:10,753 - DEBUG - Ultimo recibido: 45
2024-10-03 12:32:10,753 - INFO - Es duplicado 45
2024-10-03 12:32:10,753 - DEBUG - Ultimo recibido: 46
2024-10-03 12:32:10,753 - INFO - Es duplicado 46
2024-10-03 12:32:10,753 - DEBUG - Ultimo recibido: 47
2024-10-03 12:32:10,753 - INFO - Es duplicado 47
2024-10-03 12:32:10,753 - DEBUG - Ultimo recibido: 48
2024-10-03 12:32:10,753 - INFO - Es duplicado 48
2024-10-03 12:32:10,753 - DEBUG - Ultimo recibido: 49
2024-10-03 12:32:10,753 - INFO - Es duplicado 49
2024-10-03 12:32:10,753 - DEBUG - Ultimo recibido: 50
2024-10-03 12:32:10,753 - INFO - Es duplicado 50
2024-10-03 12:32:10,754 - DEBUG - Ultimo recibido: 51
2024-10-03 12:32:10,754 - INFO - Es duplicado 51
2024-10-03 12:32:10,754 - DEBUG - Ultimo recibido: 52
2024-10-03 12:32:10,754 - INFO - Es duplicado 52
2024-10-03 12:32:10,754 - DEBUG - Longitud received packets: 1
2024-10-03 12:32:10,754 - DEBUG - Range start: 54
2024-10-03 12:32:10,754 - DEBUG - Recibi algo malo. Espero 53 pero tengo 54-54
2024-10-03 12:32:10,754 - INFO - Es duplicado 54
2024-10-03 12:32:10,754 - DEBUG - Longitud received packets: 2
2024-10-03 12:32:10,754 - DEBUG - Range start: 54
2024-10-03 12:32:10,754 - DEBUG - packet number: [54, 55]
2024-10-03 12:32:10,754 - DEBUG - Recibi algo malo. Espero 53 pero tengo 54-55
2024-10-03 12:32:10,754 - INFO - Es duplicado 55
2024-10-03 12:32:10,754 - DEBUG - Longitud received packets: 3
2024-10-03 12:32:10,754 - DEBUG - Range start: 54
2024-10-03 12:32:10,754 - DEBUG - packet number: [54, 55, 56]
2024-10-03 12:32:10,754 - DEBUG - packet number: [54, 55, 56]
2024-10-03 12:32:10,754 - DEBUG - Recibi algo malo. Espero 53 pero tengo 54-56
2024-10-03 12:32:10,755 - INFO - Es duplicado 56
2024-10-03 12:32:10,755 - DEBUG - Longitud received packets: 4
2024-10-03 12:32:10,755 - DEBUG - Range start: 54
2024-10-03 12:32:10,755 - DEBUG - packet number: [54, 55, 56, 57]
2024-10-03 12:32:10,755 - DEBUG - packet number: [54, 55, 56, 57]
2024-10-03 12:32:10,755 - DEBUG - packet number: [54, 55, 56, 57]
2024-10-03 12:32:10,755 - DEBUG - Recibi algo malo. Espero 53 pero tengo 54-57
2024-10-03 12:32:10,755 - INFO - Es duplicado 57
2024-10-03 12:32:10,755 - DEBUG - Longitud received packets: 5
2024-10-03 12:32:10,755 - DEBUG - Range start: 54
2024-10-03 12:32:10,755 - DEBUG - packet number: [54, 55, 56, 57, 58]
2024-10-03 12:32:10,755 - DEBUG - packet number: [54, 55, 56, 57, 58]
2024-10-03 12:32:10,755 - DEBUG - packet number: [54, 55, 56, 57, 58]
2024-10-03 12:32:10,755 - DEBUG - packet number: [54, 55, 56, 57, 58]
2024-10-03 12:32:10,755 - DEBUG - Recibi algo malo. Espero 53 pero tengo 54-58
2024-10-03 12:32:10,755 - INFO - Es duplicado 58
2024-10-03 12:32:10,755 - DEBUG - Longitud received packets: 6
2024-10-03 12:32:10,755 - DEBUG - Range start: 54
2024-10-03 12:32:10,755 - DEBUG - packet number: [54, 55, 56, 57, 58, 59]
2024-10-03 12:32:10,755 - DEBUG - packet number: [54, 55, 56, 57, 58, 59]
2024-10-03 12:32:10,755 - DEBUG - packet number: [54, 55, 56, 57, 58, 59]
2024-10-03 12:32:10,755 - DEBUG - packet number: [54, 55, 56, 57, 58, 59]
2024-10-03 12:32:10,755 - DEBUG - packet number: [54, 55, 56, 57, 58, 59]
2024-10-03 12:32:10,755 - DEBUG - Recibi algo malo. Espero 53 pero tengo 54-59
2024-10-03 12:32:10,756 - INFO - Es duplicado 59
2024-10-03 12:32:10,756 - DEBUG - Longitud received packets: 7
2024-10-03 12:32:10,756 - DEBUG - Range start: 54
2024-10-03 12:32:10,756 - DEBUG - packet number: [54, 55, 56, 57, 58, 59, 60]
2024-10-03 12:32:10,756 - DEBUG - packet number: [54, 55, 56, 57, 58, 59, 60]
2024-10-03 12:32:10,756 - DEBUG - packet number: [54, 55, 56, 57, 58, 59, 60]
2024-10-03 12:32:10,756 - DEBUG - packet number: [54, 55, 56, 57, 58, 59, 60]
2024-10-03 12:32:10,756 - DEBUG - packet number: [54, 55, 56, 57, 58, 59, 60]
2024-10-03 12:32:10,756 - DEBUG - packet number: [54, 55, 56, 57, 58, 59, 60]
2024-10-03 12:32:10,756 - DEBUG - Recibi algo malo. Espero 53 pero tengo 54-60
2024-10-03 12:32:10,756 - INFO - Es duplicado 60
2024-10-03 12:32:10,756 - DEBUG - Longitud received packets: 8
2024-10-03 12:32:10,756 - DEBUG - Range start: 54
2024-10-03 12:32:10,756 - DEBUG - packet number: [54, 55, 56, 57, 58, 59, 60, 61]
2024-10-03 12:32:10,756 - DEBUG - packet number: [54, 55, 56, 57, 58, 59, 60, 61]
2024-10-03 12:32:10,756 - DEBUG - packet number: [54, 55, 56, 57, 58, 59, 60, 61]
2024-10-03 12:32:10,756 - DEBUG - packet number: [54, 55, 56, 57, 58, 59, 60, 61]
2024-10-03 12:32:10,756 - DEBUG - packet number: [54, 55, 56, 57, 58, 59, 60, 61]
2024-10-03 12:32:10,756 - DEBUG - packet number: [54, 55, 56, 57, 58, 59, 60, 61]
2024-10-03 12:32:10,756 - DEBUG - packet number: [54, 55, 56, 57, 58, 59, 60, 61]
2024-10-03 12:32:10,756 - DEBUG - Recibi algo malo. Espero 53 pero tengo 54-61
2024-10-03 12:32:10,756 - INFO - Es duplicado 61
2024-10-03 12:32:10,756 - DEBUG - Longitud received packets: 9
2024-10-03 12:32:10,756 - DEBUG - Range start: 54
2024-10-03 12:32:10,756 - DEBUG - packet number: [54, 55, 56, 57, 58, 59, 60, 61, 62]
2024-10-03 12:32:10,756 - DEBUG - packet number: [54, 55, 56, 57, 58, 59, 60, 61, 62]
2024-10-03 12:32:10,757 - DEBUG - packet number: [54, 55, 56, 57, 58, 59, 60, 61, 62]
2024-10-03 12:32:10,757 - DEBUG - packet number: [54, 55, 56, 57, 58, 59, 60, 61, 62]
2024-10-03 12:32:10,757 - DEBUG - packet number: [54, 55, 56, 57, 58, 59, 60, 61, 62]
2024-10-03 12:32:10,757 - DEBUG - packet number: [54, 55, 56, 57, 58, 59, 60, 61, 62]
2024-10-03 12:32:10,757 - DEBUG - packet number: [54, 55, 56, 57, 58, 59, 60, 61, 62]
2024-10-03 12:32:10,757 - DEBUG - packet number: [54, 55, 56, 57, 58, 59, 60, 61, 62]
2024-10-03 12:32:10,757 - DEBUG - Recibi algo malo. Espero 53 pero tengo 54-62
2024-10-03 12:32:10,757 - INFO - Es duplicado 62
