2024-10-03 10:36:43,505 - DEBUG - El comando es upload furelise.pdf
2024-10-03 10:36:43,506 - INFO - Enviando archivo ./client_storage/furelise.pdf a ('127.0.0.1', 3000)
2024-10-03 10:36:43,508 - DEBUG - Acks faltantes despues de la ventana: dict_keys([1, 2, 3, 4, 5, 6, 7, 8, 9, 10])
2024-10-03 10:36:43,509 - DEBUG - Acks faltantes despues de la ventana: dict_keys([1, 2, 3, 4, 5, 6, 7, 8, 9, 10])
2024-10-03 10:36:43,509 - DEBUG - Llegó ACK-1 quedó esto: dict_keys([2, 3, 4, 5, 6, 7, 8, 9, 10])
2024-10-03 10:36:43,510 - DEBUG - Acks faltantes despues de la ventana: dict_keys([2, 3, 4, 5, 6, 7, 8, 9, 10, 11])
2024-10-03 10:36:43,510 - DEBUG - Llegó ACK-2 quedó esto: dict_keys([3, 4, 5, 6, 7, 8, 9, 10, 11])
2024-10-03 10:36:43,512 - DEBUG - Llegó ACK-3 quedó esto: dict_keys([4, 5, 6, 7, 8, 9, 10, 11])
2024-10-03 10:36:43,513 - DEBUG - Llegó ACK-4 quedó esto: dict_keys([5, 6, 7, 8, 9, 10, 11])
2024-10-03 10:36:43,513 - DEBUG - Llegó ACK-5 quedó esto: dict_keys([6, 7, 8, 9, 10, 11])
2024-10-03 10:36:43,513 - DEBUG - Llegó ACK-6 quedó esto: dict_keys([7, 8, 9, 10, 11])
2024-10-03 10:36:43,514 - DEBUG - Llegó ACK-7 quedó esto: dict_keys([8, 9, 10, 11])
2024-10-03 10:36:43,514 - DEBUG - Llegó ACK-8 quedó esto: dict_keys([9, 10, 11])
2024-10-03 10:36:43,517 - DEBUG - Acks faltantes despues de la ventana: dict_keys([9, 10, 11, 12, 13, 14, 15, 16, 17, 18])
2024-10-03 10:36:43,518 - DEBUG - Acks faltantes despues de la ventana: dict_keys([9, 10, 11, 12, 13, 14, 15, 16, 17, 18])
2024-10-03 10:36:43,518 - DEBUG - Acks faltantes despues de la ventana: dict_keys([9, 10, 11, 12, 13, 14, 15, 16, 17, 18])
2024-10-03 10:36:43,544 - DEBUG - Acks faltantes despues de la ventana: dict_keys([9, 10, 11, 12, 13, 14, 15, 16, 17, 18])
2024-10-03 10:36:43,545 - DEBUG - Acks faltantes despues de la ventana: dict_keys([9, 10, 11, 12, 13, 14, 15, 16, 17, 18])
2024-10-03 10:36:43,545 - DEBUG - Acks faltantes despues de la ventana: dict_keys([9, 10, 11, 12, 13, 14, 15, 16, 17, 18])
2024-10-03 10:36:43,545 - DEBUG - Acks faltantes despues de la ventana: dict_keys([9, 10, 11, 12, 13, 14, 15, 16, 17, 18])
2024-10-03 10:36:43,545 - DEBUG - Acks faltantes despues de la ventana: dict_keys([9, 10, 11, 12, 13, 14, 15, 16, 17, 18])
2024-10-03 10:36:43,545 - DEBUG - Acks faltantes despues de la ventana: dict_keys([9, 10, 11, 12, 13, 14, 15, 16, 17, 18])
2024-10-03 10:36:43,554 - DEBUG - Acks faltantes despues de la ventana: dict_keys([9, 10, 11, 12, 13, 14, 15, 16, 17, 18])
2024-10-03 10:36:43,554 - DEBUG - Acks faltantes despues de la ventana: dict_keys([9, 10, 11, 12, 13, 14, 15, 16, 17, 18])
2024-10-03 10:36:43,554 - DEBUG - Acks faltantes despues de la ventana: dict_keys([9, 10, 11, 12, 13, 14, 15, 16, 17, 18])
2024-10-03 10:36:43,561 - DEBUG - Llegó ACK-9 quedó esto: dict_keys([10, 11, 12, 13, 14, 15, 16, 17, 18])
2024-10-03 10:36:43,575 - DEBUG - Llegó ACK-10 quedó esto: dict_keys([11, 12, 13, 14, 15, 16, 17, 18])
2024-10-03 10:36:43,576 - DEBUG - Llegó ACK-11 quedó esto: dict_keys([12, 13, 14, 15, 16, 17, 18])
2024-10-03 10:36:43,576 - DEBUG - Llegó ACK-12 quedó esto: dict_keys([13, 14, 15, 16, 17, 18])
2024-10-03 10:36:43,577 - DEBUG - Llegó ACK-13 quedó esto: dict_keys([14, 15, 16, 17, 18])
2024-10-03 10:36:43,577 - DEBUG - Llegó ACK-14 quedó esto: dict_keys([15, 16, 17, 18])
2024-10-03 10:36:43,582 - DEBUG - Acks faltantes despues de la ventana: dict_keys([15, 16, 17, 18, 19, 20, 21, 22, 23, 24])
2024-10-03 10:36:43,586 - DEBUG - Llegó ACK-15 quedó esto: dict_keys([16, 17, 18, 19, 20, 21, 22, 23, 24])
2024-10-03 10:36:43,611 - DEBUG - Llegó ACK-16 quedó esto: dict_keys([17, 18, 19, 20, 21, 22, 23, 24])
2024-10-03 10:36:43,611 - DEBUG - Llegó ACK-17 quedó esto: dict_keys([18, 19, 20, 21, 22, 23, 24])
2024-10-03 10:36:43,612 - DEBUG - Llegó ACK-18 quedó esto: dict_keys([19, 20, 21, 22, 23, 24])
2024-10-03 10:36:43,612 - DEBUG - Llegó ACK-19 quedó esto: dict_keys([20, 21, 22, 23, 24])
2024-10-03 10:36:43,613 - DEBUG - Llegó ACK-20 quedó esto: dict_keys([21, 22, 23, 24])
2024-10-03 10:36:43,613 - DEBUG - Llegó ACK-21 quedó esto: dict_keys([22, 23, 24])
2024-10-03 10:36:43,620 - DEBUG - Llegó ACK-22 quedó esto: dict_keys([23, 24])
2024-10-03 10:36:43,652 - DEBUG - Acks faltantes despues de la ventana: dict_keys([23, 24, 25, 26, 27, 28, 29, 30, 31, 32])
2024-10-03 10:36:43,653 - DEBUG - Acks faltantes despues de la ventana: dict_keys([23, 24, 25, 26, 27, 28, 29, 30, 31, 32])
2024-10-03 10:36:43,654 - DEBUG - Acks faltantes despues de la ventana: dict_keys([23, 24, 25, 26, 27, 28, 29, 30, 31, 32])
2024-10-03 10:36:43,656 - DEBUG - Acks faltantes despues de la ventana: dict_keys([23, 24, 25, 26, 27, 28, 29, 30, 31, 32])
2024-10-03 10:36:43,657 - DEBUG - Acks faltantes despues de la ventana: dict_keys([23, 24, 25, 26, 27, 28, 29, 30, 31, 32])
2024-10-03 10:36:43,657 - DEBUG - Acks faltantes despues de la ventana: dict_keys([23, 24, 25, 26, 27, 28, 29, 30, 31, 32])
2024-10-03 10:36:43,658 - DEBUG - Acks faltantes despues de la ventana: dict_keys([23, 24, 25, 26, 27, 28, 29, 30, 31, 32])
2024-10-03 10:36:43,658 - DEBUG - Acks faltantes despues de la ventana: dict_keys([23, 24, 25, 26, 27, 28, 29, 30, 31, 32])
2024-10-03 10:36:43,658 - DEBUG - Acks faltantes despues de la ventana: dict_keys([23, 24, 25, 26, 27, 28, 29, 30, 31, 32])
2024-10-03 10:36:43,658 - DEBUG - Acks faltantes despues de la ventana: dict_keys([23, 24, 25, 26, 27, 28, 29, 30, 31, 32])
2024-10-03 10:36:43,658 - DEBUG - Acks faltantes despues de la ventana: dict_keys([23, 24, 25, 26, 27, 28, 29, 30, 31, 32])
2024-10-03 10:36:43,658 - DEBUG - Acks faltantes despues de la ventana: dict_keys([23, 24, 25, 26, 27, 28, 29, 30, 31, 32])
2024-10-03 10:36:43,659 - DEBUG - Acks faltantes despues de la ventana: dict_keys([23, 24, 25, 26, 27, 28, 29, 30, 31, 32])
2024-10-03 10:36:43,662 - DEBUG - Acks faltantes despues de la ventana: dict_keys([23, 24, 25, 26, 27, 28, 29, 30, 31, 32])
2024-10-03 10:36:43,663 - DEBUG - Acks faltantes despues de la ventana: dict_keys([23, 24, 25, 26, 27, 28, 29, 30, 31, 32])
2024-10-03 10:36:43,663 - DEBUG - Acks faltantes despues de la ventana: dict_keys([23, 24, 25, 26, 27, 28, 29, 30, 31, 32])
2024-10-03 10:36:43,667 - DEBUG - Llegó ACK-23 quedó esto: dict_keys([24, 25, 26, 27, 28, 29, 30, 31, 32])
2024-10-03 10:36:43,685 - DEBUG - Llegó ACK-24 quedó esto: dict_keys([25, 26, 27, 28, 29, 30, 31, 32])
2024-10-03 10:36:43,686 - DEBUG - Llegó ACK-25 quedó esto: dict_keys([26, 27, 28, 29, 30, 31, 32])
2024-10-03 10:36:43,686 - DEBUG - Llegó ACK-26 quedó esto: dict_keys([27, 28, 29, 30, 31, 32])
2024-10-03 10:36:43,688 - DEBUG - Llegó ACK-27 quedó esto: dict_keys([28, 29, 30, 31, 32, 33, 34, 35])
2024-10-03 10:36:43,691 - DEBUG - Llegó ACK-28 quedó esto: dict_keys([29, 30, 31, 32, 33, 34, 35])
2024-10-03 10:36:43,693 - DEBUG - Llegó ACK-29 quedó esto: dict_keys([30, 31, 32, 33, 34, 35])
2024-10-03 10:36:43,694 - DEBUG - Llegó ACK-30 quedó esto: dict_keys([31, 32, 33, 34, 35])
2024-10-03 10:36:43,694 - DEBUG - Llegó ACK-31 quedó esto: dict_keys([32, 33, 34, 35])
2024-10-03 10:36:43,695 - DEBUG - Llegó ACK-32 quedó esto: dict_keys([33, 34, 35])
2024-10-03 10:36:43,695 - DEBUG - Llegó ACK-33 quedó esto: dict_keys([34, 35])
2024-10-03 10:36:43,695 - DEBUG - Llegó ACK-34 quedó esto: dict_keys([35])
2024-10-03 10:36:43,696 - DEBUG - Llegó ACK-35 quedó esto: dict_keys([36])
2024-10-03 10:36:43,696 - DEBUG - Llegó ACK-36 quedó esto: dict_keys([37, 38])
2024-10-03 10:36:43,696 - DEBUG - Llegó ACK-37 quedó esto: dict_keys([38, 39])
2024-10-03 10:36:43,697 - DEBUG - Llegó ACK-38 quedó esto: dict_keys([39, 40, 41, 42, 43])
2024-10-03 10:36:43,698 - DEBUG - Llegó ACK-39 quedó esto: dict_keys([40, 41, 42, 43])
2024-10-03 10:36:43,699 - DEBUG - Acks faltantes despues de la ventana: dict_keys([40, 41, 42, 43, 44, 45, 46, 47, 48, 49])
2024-10-03 10:36:43,699 - DEBUG - Acks faltantes despues de la ventana: dict_keys([40, 41, 42, 43, 44, 45, 46, 47, 48, 49])
2024-10-03 10:36:43,713 - DEBUG - Acks faltantes despues de la ventana: dict_keys([40, 41, 42, 43, 44, 45, 46, 47, 48, 49])
2024-10-03 10:36:43,716 - DEBUG - Acks faltantes despues de la ventana: dict_keys([40, 41, 42, 43, 44, 45, 46, 47, 48, 49])
2024-10-03 10:36:43,716 - DEBUG - Acks faltantes despues de la ventana: dict_keys([40, 41, 42, 43, 44, 45, 46, 47, 48, 49])
2024-10-03 10:36:43,716 - DEBUG - Acks faltantes despues de la ventana: dict_keys([40, 41, 42, 43, 44, 45, 46, 47, 48, 49])
2024-10-03 10:36:43,718 - DEBUG - Acks faltantes despues de la ventana: dict_keys([40, 41, 42, 43, 44, 45, 46, 47, 48, 49])
2024-10-03 10:36:43,719 - DEBUG - Acks faltantes despues de la ventana: dict_keys([40, 41, 42, 43, 44, 45, 46, 47, 48, 49])
2024-10-03 10:36:43,721 - DEBUG - Acks faltantes despues de la ventana: dict_keys([40, 41, 42, 43, 44, 45, 46, 47, 48, 49])
2024-10-03 10:36:43,722 - DEBUG - Acks faltantes despues de la ventana: dict_keys([40, 41, 42, 43, 44, 45, 46, 47, 48, 49])
2024-10-03 10:36:43,724 - DEBUG - Acks faltantes despues de la ventana: dict_keys([40, 41, 42, 43, 44, 45, 46, 47, 48, 49])
2024-10-03 10:36:43,725 - DEBUG - Acks faltantes despues de la ventana: dict_keys([40, 41, 42, 43, 44, 45, 46, 47, 48, 49])
2024-10-03 10:36:43,726 - DEBUG - Acks faltantes despues de la ventana: dict_keys([40, 41, 42, 43, 44, 45, 46, 47, 48, 49])
2024-10-03 10:36:43,726 - DEBUG - Llegó ACK-40 quedó esto: dict_keys([41, 42, 43, 44, 45, 46, 47, 48, 49])
2024-10-03 10:36:43,728 - DEBUG - Llegó ACK-41 quedó esto: dict_keys([42, 43, 44, 45, 46, 47, 48, 49])
2024-10-03 10:36:43,729 - DEBUG - Llegó ACK-42 quedó esto: dict_keys([43, 44, 45, 46, 47, 48, 49])
2024-10-03 10:36:43,729 - DEBUG - Llegó ACK-43 quedó esto: dict_keys([44, 45, 46, 47, 48, 49, 50])
2024-10-03 10:36:43,737 - DEBUG - Llegó ACK-44 quedó esto: dict_keys([45, 46, 47, 48, 49, 50])
2024-10-03 10:36:43,754 - DEBUG - Llegó ACK-45 quedó esto: dict_keys([46, 47, 48, 49, 50])
2024-10-03 10:36:43,767 - DEBUG - Llegó ACK-46 quedó esto: dict_keys([47, 48, 49, 50])
2024-10-03 10:36:43,791 - DEBUG - Acks faltantes despues de la ventana: dict_keys([47, 48, 49, 50, 51, 52, 53, 54, 55, 56])
2024-10-03 10:36:43,793 - DEBUG - Acks faltantes despues de la ventana: dict_keys([47, 48, 49, 50, 51, 52, 53, 54, 55, 56])
2024-10-03 10:36:43,793 - DEBUG - Acks faltantes despues de la ventana: dict_keys([47, 48, 49, 50, 51, 52, 53, 54, 55, 56])
2024-10-03 10:36:43,803 - DEBUG - Acks faltantes despues de la ventana: dict_keys([47, 48, 49, 50, 51, 52, 53, 54, 55, 56])
2024-10-03 10:36:43,804 - DEBUG - Acks faltantes despues de la ventana: dict_keys([47, 48, 49, 50, 51, 52, 53, 54, 55, 56])
2024-10-03 10:36:43,804 - DEBUG - Acks faltantes despues de la ventana: dict_keys([47, 48, 49, 50, 51, 52, 53, 54, 55, 56])
2024-10-03 10:36:43,804 - DEBUG - Llegó ACK-47 quedó esto: dict_keys([48, 49, 50, 51, 52, 53, 54, 55, 56])
2024-10-03 10:36:43,817 - DEBUG - Acks faltantes despues de la ventana: dict_keys([48, 49, 50, 51, 52, 53, 54, 55, 56, 57])
2024-10-03 10:36:43,818 - DEBUG - Acks faltantes despues de la ventana: dict_keys([48, 49, 50, 51, 52, 53, 54, 55, 56, 57])
2024-10-03 10:36:43,818 - DEBUG - Acks faltantes despues de la ventana: dict_keys([48, 49, 50, 51, 52, 53, 54, 55, 56, 57])
2024-10-03 10:36:43,819 - DEBUG - Acks faltantes despues de la ventana: dict_keys([48, 49, 50, 51, 52, 53, 54, 55, 56, 57])
2024-10-03 10:36:43,819 - DEBUG - Acks faltantes despues de la ventana: dict_keys([48, 49, 50, 51, 52, 53, 54, 55, 56, 57])
2024-10-03 10:36:43,820 - DEBUG - Acks faltantes despues de la ventana: dict_keys([48, 49, 50, 51, 52, 53, 54, 55, 56, 57])
2024-10-03 10:36:43,820 - DEBUG - Acks faltantes despues de la ventana: dict_keys([48, 49, 50, 51, 52, 53, 54, 55, 56, 57])
2024-10-03 10:36:43,828 - DEBUG - Llegó ACK-48 quedó esto: dict_keys([49, 50, 51, 52, 53, 54, 55, 56, 57])
2024-10-03 10:36:43,830 - DEBUG - Llegó ACK-49 quedó esto: dict_keys([50, 51, 52, 53, 54, 55, 56, 57])
2024-10-03 10:36:43,831 - DEBUG - Llegó ACK-50 quedó esto: dict_keys([51, 52, 53, 54, 55, 56, 57])
2024-10-03 10:36:43,833 - DEBUG - Acks faltantes despues de la ventana: dict_keys([51, 52, 53, 54, 55, 56, 57, 58, 59, 60])
2024-10-03 10:36:43,834 - DEBUG - Llegó ACK-51 quedó esto: dict_keys([52, 53, 54, 55, 56, 57, 58, 59, 60])
2024-10-03 10:36:43,854 - DEBUG - Llegó ACK-52 quedó esto: dict_keys([53, 54, 55, 56, 57, 58, 59, 60])
2024-10-03 10:36:43,863 - DEBUG - Llegó ACK-53 quedó esto: dict_keys([54, 55, 56, 57, 58, 59, 60])
2024-10-03 10:36:43,870 - DEBUG - Acks faltantes despues de la ventana: dict_keys([54, 55, 56, 57, 58, 59, 60, 61, 62, 63])
2024-10-03 10:36:43,871 - DEBUG - Acks faltantes despues de la ventana: dict_keys([54, 55, 56, 57, 58, 59, 60, 61, 62, 63])
2024-10-03 10:36:43,883 - DEBUG - Acks faltantes despues de la ventana: dict_keys([54, 55, 56, 57, 58, 59, 60, 61, 62, 63])
2024-10-03 10:36:43,887 - DEBUG - Acks faltantes despues de la ventana: dict_keys([54, 55, 56, 57, 58, 59, 60, 61, 62, 63])
2024-10-03 10:36:43,887 - DEBUG - Acks faltantes despues de la ventana: dict_keys([54, 55, 56, 57, 58, 59, 60, 61, 62, 63])
2024-10-03 10:36:43,891 - DEBUG - Acks faltantes despues de la ventana: dict_keys([54, 55, 56, 57, 58, 59, 60, 61, 62, 63])
2024-10-03 10:36:43,892 - DEBUG - Acks faltantes despues de la ventana: dict_keys([54, 55, 56, 57, 58, 59, 60, 61, 62, 63])
2024-10-03 10:36:43,893 - DEBUG - Acks faltantes despues de la ventana: dict_keys([54, 55, 56, 57, 58, 59, 60, 61, 62, 63])
2024-10-03 10:36:43,893 - DEBUG - Acks faltantes despues de la ventana: dict_keys([54, 55, 56, 57, 58, 59, 60, 61, 62, 63])
2024-10-03 10:36:43,893 - DEBUG - Acks faltantes despues de la ventana: dict_keys([54, 55, 56, 57, 58, 59, 60, 61, 62, 63])
2024-10-03 10:36:43,893 - DEBUG - Acks faltantes despues de la ventana: dict_keys([54, 55, 56, 57, 58, 59, 60, 61, 62, 63])
2024-10-03 10:36:43,893 - DEBUG - Acks faltantes despues de la ventana: dict_keys([54, 55, 56, 57, 58, 59, 60, 61, 62, 63])
2024-10-03 10:36:43,893 - DEBUG - Acks faltantes despues de la ventana: dict_keys([54, 55, 56, 57, 58, 59, 60, 61, 62, 63])
2024-10-03 10:36:43,894 - DEBUG - Acks faltantes despues de la ventana: dict_keys([54, 55, 56, 57, 58, 59, 60, 61, 62, 63])
2024-10-03 10:36:43,894 - DEBUG - Acks faltantes despues de la ventana: dict_keys([54, 55, 56, 57, 58, 59, 60, 61, 62, 63])
2024-10-03 10:36:43,894 - DEBUG - Acks faltantes despues de la ventana: dict_keys([54, 55, 56, 57, 58, 59, 60, 61, 62, 63])
2024-10-03 10:36:43,894 - DEBUG - Acks faltantes despues de la ventana: dict_keys([54, 55, 56, 57, 58, 59, 60, 61, 62, 63])
2024-10-03 10:36:43,895 - DEBUG - Llegó ACK-54 quedó esto: dict_keys([55, 56, 57, 58, 59, 60, 61, 62, 63])
2024-10-03 10:36:43,899 - DEBUG - Llegó ACK-55 quedó esto: dict_keys([56, 57, 58, 59, 60, 61, 62, 63])
2024-10-03 10:36:43,899 - DEBUG - Llegó ACK-56 quedó esto: dict_keys([57, 58, 59, 60, 61, 62, 63])
2024-10-03 10:36:43,900 - DEBUG - Llegó ACK-57 quedó esto: dict_keys([58, 59, 60, 61, 62, 63])
2024-10-03 10:36:43,903 - DEBUG - Llegó ACK-58 quedó esto: dict_keys([59, 60, 61, 62, 63])
2024-10-03 10:36:43,903 - DEBUG - Llegó ACK-59 quedó esto: dict_keys([60, 61, 62, 63])
2024-10-03 10:36:43,904 - DEBUG - Llegó ACK-60 quedó esto: dict_keys([61, 62, 63, 64])
2024-10-03 10:36:43,904 - DEBUG - Llegó ACK-61 quedó esto: dict_keys([62, 63, 64])
2024-10-03 10:36:43,905 - DEBUG - Llegó ACK-62 quedó esto: dict_keys([63, 64])
2024-10-03 10:36:43,906 - DEBUG - Llegó ACK-63 quedó esto: dict_keys([64])
2024-10-03 10:36:43,907 - DEBUG - Llegó ACK-64 quedó esto: dict_keys([])
2024-10-03 10:36:43,908 - DEBUG - Acks faltantes despues de la ventana: dict_keys([65, 66, 67, 68, 69, 70, 71, 72, 73, 74])
2024-10-03 10:36:43,908 - DEBUG - Acks faltantes despues de la ventana: dict_keys([65, 66, 67, 68, 69, 70, 71, 72, 73, 74])
2024-10-03 10:36:43,909 - DEBUG - Acks faltantes despues de la ventana: dict_keys([65, 66, 67, 68, 69, 70, 71, 72, 73, 74])
2024-10-03 10:36:43,909 - DEBUG - Acks faltantes despues de la ventana: dict_keys([65, 66, 67, 68, 69, 70, 71, 72, 73, 74])
2024-10-03 10:36:43,910 - DEBUG - Acks faltantes despues de la ventana: dict_keys([65, 66, 67, 68, 69, 70, 71, 72, 73, 74])
2024-10-03 10:36:43,911 - DEBUG - Acks faltantes despues de la ventana: dict_keys([65, 66, 67, 68, 69, 70, 71, 72, 73, 74])
2024-10-03 10:36:43,912 - DEBUG - Acks faltantes despues de la ventana: dict_keys([65, 66, 67, 68, 69, 70, 71, 72, 73, 74])
2024-10-03 10:36:43,912 - DEBUG - Acks faltantes despues de la ventana: dict_keys([65, 66, 67, 68, 69, 70, 71, 72, 73, 74])
2024-10-03 10:36:43,912 - DEBUG - Acks faltantes despues de la ventana: dict_keys([65, 66, 67, 68, 69, 70, 71, 72, 73, 74])
2024-10-03 10:36:43,913 - DEBUG - Acks faltantes despues de la ventana: dict_keys([65, 66, 67, 68, 69, 70, 71, 72, 73, 74])
2024-10-03 10:36:43,913 - DEBUG - Acks faltantes despues de la ventana: dict_keys([65, 66, 67, 68, 69, 70, 71, 72, 73, 74])
2024-10-03 10:36:43,914 - DEBUG - Acks faltantes despues de la ventana: dict_keys([65, 66, 67, 68, 69, 70, 71, 72, 73, 74])
2024-10-03 10:36:43,914 - DEBUG - Acks faltantes despues de la ventana: dict_keys([65, 66, 67, 68, 69, 70, 71, 72, 73, 74])
2024-10-03 10:36:43,915 - DEBUG - Acks faltantes despues de la ventana: dict_keys([65, 66, 67, 68, 69, 70, 71, 72, 73, 74])
2024-10-03 10:36:43,923 - DEBUG - Acks faltantes despues de la ventana: dict_keys([65, 66, 67, 68, 69, 70, 71, 72, 73, 74])
2024-10-03 10:36:43,923 - DEBUG - Acks faltantes despues de la ventana: dict_keys([65, 66, 67, 68, 69, 70, 71, 72, 73, 74])
2024-10-03 10:36:43,923 - DEBUG - Acks faltantes despues de la ventana: dict_keys([65, 66, 67, 68, 69, 70, 71, 72, 73, 74])
2024-10-03 10:36:43,924 - DEBUG - Acks faltantes despues de la ventana: dict_keys([65, 66, 67, 68, 69, 70, 71, 72, 73, 74])
2024-10-03 10:36:43,924 - DEBUG - Acks faltantes despues de la ventana: dict_keys([65, 66, 67, 68, 69, 70, 71, 72, 73, 74])
2024-10-03 10:36:43,925 - DEBUG - Acks faltantes despues de la ventana: dict_keys([65, 66, 67, 68, 69, 70, 71, 72, 73, 74])
2024-10-03 10:36:43,925 - DEBUG - Acks faltantes despues de la ventana: dict_keys([65, 66, 67, 68, 69, 70, 71, 72, 73, 74])
2024-10-03 10:36:43,925 - DEBUG - Acks faltantes despues de la ventana: dict_keys([65, 66, 67, 68, 69, 70, 71, 72, 73, 74])
2024-10-03 10:36:43,931 - DEBUG - Acks faltantes despues de la ventana: dict_keys([65, 66, 67, 68, 69, 70, 71, 72, 73, 74])
2024-10-03 10:36:43,931 - DEBUG - Acks faltantes despues de la ventana: dict_keys([65, 66, 67, 68, 69, 70, 71, 72, 73, 74])
2024-10-03 10:36:43,931 - DEBUG - Acks faltantes despues de la ventana: dict_keys([65, 66, 67, 68, 69, 70, 71, 72, 73, 74])
2024-10-03 10:36:43,933 - DEBUG - Acks faltantes despues de la ventana: dict_keys([65, 66, 67, 68, 69, 70, 71, 72, 73, 74])
2024-10-03 10:36:43,933 - DEBUG - Llegó ACK-65 quedó esto: dict_keys([66, 67, 68, 69, 70, 71, 72, 73, 74])
2024-10-03 10:36:43,934 - DEBUG - Llegó ACK-66 quedó esto: dict_keys([67, 68, 69, 70, 71, 72, 73, 74])
2024-10-03 10:36:43,936 - DEBUG - Llegó ACK-67 quedó esto: dict_keys([68, 69, 70, 71, 72, 73, 74])
2024-10-03 10:36:43,937 - DEBUG - Llegó ACK-68 quedó esto: dict_keys([69, 70, 71, 72, 73, 74])
2024-10-03 10:36:43,937 - DEBUG - Llegó ACK-69 quedó esto: dict_keys([70, 71, 72, 73, 74])
2024-10-03 10:36:43,938 - DEBUG - Llegó ACK-70 quedó esto: dict_keys([71, 72, 73, 74])
2024-10-03 10:36:43,939 - DEBUG - Llegó ACK-71 quedó esto: dict_keys([72, 73, 74])
2024-10-03 10:36:43,939 - DEBUG - Llegó ACK-72 quedó esto: dict_keys([73, 74])
2024-10-03 10:36:43,940 - DEBUG - Llegó ACK-73 quedó esto: dict_keys([74])
2024-10-03 10:36:43,942 - DEBUG - Llegó ACK-74 quedó esto: dict_keys([])
2024-10-03 10:36:43,944 - DEBUG - Acks faltantes despues de la ventana: dict_keys([75, 76, 77, 78, 79, 80, 81, 82, 83, 84])
2024-10-03 10:36:43,944 - DEBUG - Acks faltantes despues de la ventana: dict_keys([75, 76, 77, 78, 79, 80, 81, 82, 83, 84])
2024-10-03 10:36:43,945 - DEBUG - Llegó ACK-75 quedó esto: dict_keys([76, 77, 78, 79, 80, 81, 82, 83, 84])
2024-10-03 10:36:43,945 - DEBUG - Llegó ACK-76 quedó esto: dict_keys([77, 78, 79, 80, 81, 82, 83, 84])
2024-10-03 10:36:43,946 - DEBUG - Llegó ACK-77 quedó esto: dict_keys([78, 79, 80, 81, 82, 83, 84])
2024-10-03 10:36:43,947 - DEBUG - Llegó ACK-78 quedó esto: dict_keys([79, 80, 81, 82, 83, 84])
2024-10-03 10:36:43,948 - DEBUG - Acks faltantes despues de la ventana: dict_keys([79, 80, 81, 82, 83, 84, 85, 86, 87, 88])
2024-10-03 10:36:43,949 - DEBUG - Acks faltantes despues de la ventana: dict_keys([79, 80, 81, 82, 83, 84, 85, 86, 87, 88])
2024-10-03 10:36:43,950 - DEBUG - Acks faltantes despues de la ventana: dict_keys([79, 80, 81, 82, 83, 84, 85, 86, 87, 88])
2024-10-03 10:36:43,951 - DEBUG - Acks faltantes despues de la ventana: dict_keys([79, 80, 81, 82, 83, 84, 85, 86, 87, 88])
2024-10-03 10:36:43,952 - DEBUG - Acks faltantes despues de la ventana: dict_keys([79, 80, 81, 82, 83, 84, 85, 86, 87, 88])
2024-10-03 10:36:43,952 - DEBUG - Acks faltantes despues de la ventana: dict_keys([79, 80, 81, 82, 83, 84, 85, 86, 87, 88])
2024-10-03 10:36:43,952 - DEBUG - Acks faltantes despues de la ventana: dict_keys([79, 80, 81, 82, 83, 84, 85, 86, 87, 88])
2024-10-03 10:36:43,953 - DEBUG - Acks faltantes despues de la ventana: dict_keys([79, 80, 81, 82, 83, 84, 85, 86, 87, 88])
2024-10-03 10:36:43,953 - DEBUG - Acks faltantes despues de la ventana: dict_keys([79, 80, 81, 82, 83, 84, 85, 86, 87, 88])
2024-10-03 10:36:43,953 - DEBUG - Acks faltantes despues de la ventana: dict_keys([79, 80, 81, 82, 83, 84, 85, 86, 87, 88])
2024-10-03 10:36:43,953 - DEBUG - Acks faltantes despues de la ventana: dict_keys([79, 80, 81, 82, 83, 84, 85, 86, 87, 88])
2024-10-03 10:36:43,954 - DEBUG - Acks faltantes despues de la ventana: dict_keys([79, 80, 81, 82, 83, 84, 85, 86, 87, 88])
2024-10-03 10:36:43,954 - DEBUG - Acks faltantes despues de la ventana: dict_keys([79, 80, 81, 82, 83, 84, 85, 86, 87, 88])
2024-10-03 10:36:43,954 - DEBUG - Acks faltantes despues de la ventana: dict_keys([79, 80, 81, 82, 83, 84, 85, 86, 87, 88])
2024-10-03 10:36:43,955 - DEBUG - Acks faltantes despues de la ventana: dict_keys([79, 80, 81, 82, 83, 84, 85, 86, 87, 88])
2024-10-03 10:36:43,955 - DEBUG - Acks faltantes despues de la ventana: dict_keys([79, 80, 81, 82, 83, 84, 85, 86, 87, 88])
2024-10-03 10:36:43,956 - DEBUG - Acks faltantes despues de la ventana: dict_keys([79, 80, 81, 82, 83, 84, 85, 86, 87, 88])
2024-10-03 10:36:43,956 - DEBUG - Acks faltantes despues de la ventana: dict_keys([79, 80, 81, 82, 83, 84, 85, 86, 87, 88])
2024-10-03 10:36:43,956 - DEBUG - Acks faltantes despues de la ventana: dict_keys([79, 80, 81, 82, 83, 84, 85, 86, 87, 88])
2024-10-03 10:36:43,957 - DEBUG - Acks faltantes despues de la ventana: dict_keys([79, 80, 81, 82, 83, 84, 85, 86, 87, 88])
2024-10-03 10:36:43,957 - DEBUG - Acks faltantes despues de la ventana: dict_keys([79, 80, 81, 82, 83, 84, 85, 86, 87, 88])
2024-10-03 10:36:43,959 - DEBUG - Acks faltantes despues de la ventana: dict_keys([79, 80, 81, 82, 83, 84, 85, 86, 87, 88])
2024-10-03 10:36:43,959 - DEBUG - Acks faltantes despues de la ventana: dict_keys([79, 80, 81, 82, 83, 84, 85, 86, 87, 88])
2024-10-03 10:36:43,960 - DEBUG - Acks faltantes despues de la ventana: dict_keys([79, 80, 81, 82, 83, 84, 85, 86, 87, 88])
2024-10-03 10:36:43,961 - DEBUG - Acks faltantes despues de la ventana: dict_keys([79, 80, 81, 82, 83, 84, 85, 86, 87, 88])
2024-10-03 10:36:43,961 - DEBUG - Acks faltantes despues de la ventana: dict_keys([79, 80, 81, 82, 83, 84, 85, 86, 87, 88])
2024-10-03 10:36:43,962 - DEBUG - Acks faltantes despues de la ventana: dict_keys([79, 80, 81, 82, 83, 84, 85, 86, 87, 88])
2024-10-03 10:36:43,962 - DEBUG - Acks faltantes despues de la ventana: dict_keys([79, 80, 81, 82, 83, 84, 85, 86, 87, 88])
2024-10-03 10:36:43,962 - DEBUG - Acks faltantes despues de la ventana: dict_keys([79, 80, 81, 82, 83, 84, 85, 86, 87, 88])
2024-10-03 10:36:43,963 - DEBUG - Acks faltantes despues de la ventana: dict_keys([79, 80, 81, 82, 83, 84, 85, 86, 87, 88])
2024-10-03 10:36:43,963 - DEBUG - Acks faltantes despues de la ventana: dict_keys([79, 80, 81, 82, 83, 84, 85, 86, 87, 88])
2024-10-03 10:36:43,963 - DEBUG - Acks faltantes despues de la ventana: dict_keys([79, 80, 81, 82, 83, 84, 85, 86, 87, 88])
2024-10-03 10:36:43,963 - DEBUG - Acks faltantes despues de la ventana: dict_keys([79, 80, 81, 82, 83, 84, 85, 86, 87, 88])
2024-10-03 10:36:43,964 - DEBUG - Acks faltantes despues de la ventana: dict_keys([79, 80, 81, 82, 83, 84, 85, 86, 87, 88])
2024-10-03 10:36:43,965 - DEBUG - Llegó ACK-79 quedó esto: dict_keys([80, 81, 82, 83, 84, 85, 86, 87, 88])
2024-10-03 10:36:43,966 - DEBUG - Llegó ACK-80 quedó esto: dict_keys([81, 82, 83, 84, 85, 86, 87, 88])
2024-10-03 10:36:43,966 - DEBUG - Llegó ACK-81 quedó esto: dict_keys([82, 83, 84, 85, 86, 87, 88])
2024-10-03 10:36:43,967 - DEBUG - Llegó ACK-82 quedó esto: dict_keys([83, 84, 85, 86, 87, 88])
2024-10-03 10:36:43,967 - DEBUG - Llegó ACK-83 quedó esto: dict_keys([84, 85, 86, 87, 88])
2024-10-03 10:36:43,968 - DEBUG - Llegó ACK-84 quedó esto: dict_keys([85, 86, 87, 88])
2024-10-03 10:36:43,968 - DEBUG - Llegó ACK-85 quedó esto: dict_keys([86, 87, 88])
2024-10-03 10:36:43,969 - DEBUG - Llegó ACK-86 quedó esto: dict_keys([87, 88, 89, 90])
2024-10-03 10:36:43,969 - DEBUG - Llegó ACK-87 quedó esto: dict_keys([88, 89, 90])
2024-10-03 10:36:43,969 - DEBUG - Llegó ACK-88 quedó esto: dict_keys([89, 90])
2024-10-03 10:36:43,969 - DEBUG - Llegó ACK-89 quedó esto: dict_keys([90])
2024-10-03 10:36:43,972 - DEBUG - Acks faltantes despues de la ventana: dict_keys([90, 91, 92, 93, 94, 95, 96, 97, 98, 99])
2024-10-03 10:36:43,972 - DEBUG - Acks faltantes despues de la ventana: dict_keys([90, 91, 92, 93, 94, 95, 96, 97, 98, 99])
2024-10-03 10:36:43,972 - DEBUG - Acks faltantes despues de la ventana: dict_keys([90, 91, 92, 93, 94, 95, 96, 97, 98, 99])
2024-10-03 10:36:43,973 - DEBUG - Acks faltantes despues de la ventana: dict_keys([90, 91, 92, 93, 94, 95, 96, 97, 98, 99])
2024-10-03 10:36:43,973 - DEBUG - Acks faltantes despues de la ventana: dict_keys([90, 91, 92, 93, 94, 95, 96, 97, 98, 99])
2024-10-03 10:36:43,973 - DEBUG - Acks faltantes despues de la ventana: dict_keys([90, 91, 92, 93, 94, 95, 96, 97, 98, 99])
2024-10-03 10:36:43,974 - DEBUG - Acks faltantes despues de la ventana: dict_keys([90, 91, 92, 93, 94, 95, 96, 97, 98, 99])
2024-10-03 10:36:43,976 - DEBUG - Acks faltantes despues de la ventana: dict_keys([90, 91, 92, 93, 94, 95, 96, 97, 98, 99])
2024-10-03 10:36:43,979 - DEBUG - Acks faltantes despues de la ventana: dict_keys([90, 91, 92, 93, 94, 95, 96, 97, 98, 99])
2024-10-03 10:36:43,979 - DEBUG - Acks faltantes despues de la ventana: dict_keys([90, 91, 92, 93, 94, 95, 96, 97, 98, 99])
2024-10-03 10:36:43,985 - DEBUG - Llegó ACK-90 quedó esto: dict_keys([91, 92, 93, 94, 95, 96, 97, 98, 99])
2024-10-03 10:36:43,986 - DEBUG - Llegó ACK-91 quedó esto: dict_keys([92, 93, 94, 95, 96, 97, 98, 99])
2024-10-03 10:36:43,993 - DEBUG - Llegó ACK-92 quedó esto: dict_keys([93, 94, 95, 96, 97, 98, 99])
2024-10-03 10:36:43,994 - DEBUG - Llegó ACK-93 quedó esto: dict_keys([94, 95, 96, 97, 98, 99])
2024-10-03 10:36:43,994 - DEBUG - Llegó ACK-94 quedó esto: dict_keys([95, 96, 97, 98, 99])
2024-10-03 10:36:43,994 - DEBUG - Llegó ACK-95 quedó esto: dict_keys([96, 97, 98, 99])
2024-10-03 10:36:43,995 - DEBUG - Fin de archivo
2024-10-03 10:36:43,995 - DEBUG - Acks faltantes despues de la ventana: dict_keys([96, 97, 98, 99, 100, 101])
2024-10-03 10:36:43,997 - DEBUG - Fin de archivo
2024-10-03 10:36:43,999 - DEBUG - Acks faltantes despues de la ventana: dict_keys([97, 98, 99, 100, 101])
2024-10-03 10:36:43,996 - DEBUG - Llegó ACK-96 quedó esto: dict_keys([97, 98, 99, 100, 101])
2024-10-03 10:36:44,002 - DEBUG - Llegó ACK-97 quedó esto: dict_keys([98, 99, 100, 101])
2024-10-03 10:36:44,003 - DEBUG - Llegó ACK-98 quedó esto: dict_keys([99, 100, 101])
2024-10-03 10:36:44,003 - DEBUG - Llegó ACK-99 quedó esto: dict_keys([100, 101])
2024-10-03 10:36:44,004 - DEBUG - Llegó ACK-100 quedó esto: dict_keys([101])
2024-10-03 10:36:44,012 - DEBUG - Llegó ACK-101 quedó esto: dict_keys([])
2024-10-03 10:36:44,000 - DEBUG - Fin de archivo
2024-10-03 10:36:44,171 - DEBUG - Acks faltantes despues de la ventana: dict_keys([])
2024-10-03 10:36:44,172 - DEBUG - Enviando señal de fin de archivo
2024-10-03 10:36:46,021 - INFO - Se envió el archivo furelise.pdf correctamente
