2024-10-03 10:34:55,032 - INFO - Servidor iniciado en 127.0.0.1:3000
2024-10-03 10:35:00,283 - INFO - Se solicit贸 el archivo enunciado.pdf
2024-10-03 10:35:00,283 - INFO - Enviando archivo ./server_storage/enunciado.pdf a ('127.0.0.1', 58598)
2024-10-03 10:35:03,913 - INFO - Se envi贸 el archivo enunciado.pdf correctamente
2024-10-03 10:36:43,507 - INFO - Se va a recibir el archivo furelise.pdf
2024-10-03 10:36:43,508 - INFO - Recibiendo archivo en ./server_storage/furelise.pdf desde ('127.0.0.1', 54357)
2024-10-03 10:36:43,509 - INFO - Es duplicado 1
2024-10-03 10:36:43,509 - INFO - Es duplicado 2
2024-10-03 10:36:43,509 - INFO - Es duplicado 3
2024-10-03 10:36:43,510 - INFO - Es duplicado 4
2024-10-03 10:36:43,511 - INFO - Es duplicado 5
2024-10-03 10:36:43,512 - INFO - Es duplicado 6
2024-10-03 10:36:43,513 - INFO - Es duplicado 7
2024-10-03 10:36:43,514 - INFO - Es duplicado 8
2024-10-03 10:36:43,515 - INFO - Es duplicado 9
2024-10-03 10:36:43,517 - INFO - Es duplicado 10
2024-10-03 10:36:43,518 - INFO - Es duplicado 11
2024-10-03 10:36:43,570 - INFO - Es duplicado 12
2024-10-03 10:36:43,571 - INFO - Es duplicado 13
2024-10-03 10:36:43,574 - INFO - Es duplicado 14
2024-10-03 10:36:43,577 - INFO - Es duplicado 15
2024-10-03 10:36:43,579 - INFO - Es duplicado 16
2024-10-03 10:36:43,579 - INFO - Es duplicado 17
2024-10-03 10:36:43,580 - INFO - Es duplicado 18
2024-10-03 10:36:43,587 - INFO - Es duplicado 19
2024-10-03 10:36:43,597 - INFO - Es duplicado 20
2024-10-03 10:36:43,611 - INFO - Es duplicado 21
2024-10-03 10:36:43,611 - INFO - Es duplicado 22
2024-10-03 10:36:43,612 - INFO - Es duplicado 23
2024-10-03 10:36:43,612 - INFO - Es duplicado 24
2024-10-03 10:36:43,654 - INFO - Es duplicado 25
2024-10-03 10:36:43,654 - INFO - Es duplicado 26
2024-10-03 10:36:43,655 - INFO - Es duplicado 27
2024-10-03 10:36:43,657 - INFO - Es duplicado 28
2024-10-03 10:36:43,682 - INFO - Es duplicado 29
2024-10-03 10:36:43,684 - INFO - Es duplicado 30
2024-10-03 10:36:43,685 - INFO - Es duplicado 31
2024-10-03 10:36:43,686 - INFO - Es duplicado 32
2024-10-03 10:36:43,690 - INFO - Es duplicado 33
2024-10-03 10:36:43,691 - INFO - Es duplicado 34
2024-10-03 10:36:43,692 - INFO - Es duplicado 35
2024-10-03 10:36:43,696 - INFO - Es duplicado 36
2024-10-03 10:36:43,696 - INFO - Es duplicado 37
2024-10-03 10:36:43,697 - INFO - Es duplicado 38
2024-10-03 10:36:43,697 - INFO - Es duplicado 39
2024-10-03 10:36:43,698 - INFO - Es duplicado 40
2024-10-03 10:36:43,713 - INFO - Es duplicado 41
2024-10-03 10:36:43,714 - INFO - Es duplicado 42
2024-10-03 10:36:43,714 - INFO - Es duplicado 43
2024-10-03 10:36:43,714 - INFO - Es duplicado 44
2024-10-03 10:36:43,714 - INFO - Es duplicado 45
2024-10-03 10:36:43,715 - INFO - Es duplicado 46
2024-10-03 10:36:43,715 - INFO - Es duplicado 47
2024-10-03 10:36:43,715 - INFO - Es duplicado 48
2024-10-03 10:36:43,715 - INFO - Es duplicado 49
2024-10-03 10:36:43,732 - INFO - Es duplicado 50
2024-10-03 10:36:43,793 - INFO - Es duplicado 51
2024-10-03 10:36:43,793 - INFO - Es duplicado 52
2024-10-03 10:36:43,794 - INFO - Es duplicado 53
2024-10-03 10:36:43,795 - INFO - Es duplicado 54
2024-10-03 10:36:43,795 - INFO - Es duplicado 55
2024-10-03 10:36:43,795 - INFO - Es duplicado 56
2024-10-03 10:36:43,818 - INFO - Es duplicado 57
2024-10-03 10:36:43,833 - INFO - Es duplicado 58
2024-10-03 10:36:43,834 - INFO - Es duplicado 59
2024-10-03 10:36:43,853 - INFO - Es duplicado 60
2024-10-03 10:36:43,870 - INFO - Es duplicado 61
2024-10-03 10:36:43,877 - INFO - Es duplicado 62
2024-10-03 10:36:43,883 - INFO - Es duplicado 63
2024-10-03 10:36:43,904 - INFO - Es duplicado 64
2024-10-03 10:36:43,908 - INFO - Es duplicado 65
2024-10-03 10:36:43,909 - INFO - Es duplicado 66
2024-10-03 10:36:43,910 - INFO - Es duplicado 67
2024-10-03 10:36:43,911 - INFO - Es duplicado 68
2024-10-03 10:36:43,912 - INFO - Es duplicado 69
2024-10-03 10:36:43,912 - INFO - Es duplicado 70
2024-10-03 10:36:43,913 - INFO - Es duplicado 71
2024-10-03 10:36:43,913 - INFO - Es duplicado 72
2024-10-03 10:36:43,913 - INFO - Es duplicado 73
2024-10-03 10:36:43,915 - INFO - Es duplicado 74
2024-10-03 10:36:43,944 - INFO - Es duplicado 75
2024-10-03 10:36:43,945 - INFO - Es duplicado 76
2024-10-03 10:36:43,945 - INFO - Es duplicado 77
2024-10-03 10:36:43,945 - INFO - Es duplicado 78
2024-10-03 10:36:43,947 - INFO - Es duplicado 79
2024-10-03 10:36:43,949 - INFO - Es duplicado 80
2024-10-03 10:36:43,950 - INFO - Es duplicado 81
2024-10-03 10:36:43,952 - INFO - Es duplicado 82
2024-10-03 10:36:43,955 - INFO - Es duplicado 83
2024-10-03 10:36:43,956 - INFO - Es duplicado 84
2024-10-03 10:36:43,957 - INFO - Es duplicado 85
2024-10-03 10:36:43,957 - INFO - Es duplicado 86
2024-10-03 10:36:43,957 - INFO - Es duplicado 87
2024-10-03 10:36:43,959 - INFO - Es duplicado 88
2024-10-03 10:36:43,969 - INFO - Es duplicado 89
2024-10-03 10:36:43,970 - INFO - Es duplicado 90
2024-10-03 10:36:43,972 - INFO - Es duplicado 91
2024-10-03 10:36:43,972 - INFO - Es duplicado 92
2024-10-03 10:36:43,980 - INFO - Es duplicado 93
2024-10-03 10:36:43,985 - INFO - Es duplicado 94
2024-10-03 10:36:43,993 - INFO - Es duplicado 95
2024-10-03 10:36:43,995 - INFO - Es duplicado 96
2024-10-03 10:36:43,996 - INFO - Es duplicado 97
2024-10-03 10:36:43,997 - INFO - Es duplicado 98
2024-10-03 10:36:43,997 - INFO - Es duplicado 99
2024-10-03 10:36:43,997 - INFO - Es duplicado 100
2024-10-03 10:36:44,000 - INFO - Es duplicado 101
2024-10-03 10:36:44,173 - INFO - Archivo recibido correctamente en ./server_storage/furelise.pdf
2024-10-03 10:36:44,174 - INFO - Archivo guardado en ./server_storage/furelise.pdf
2024-10-03 10:37:51,614 - INFO - Se solicit贸 el archivo kurose.pdf
2024-10-03 10:37:51,614 - INFO - Enviando archivo ./server_storage/kurose.pdf a ('127.0.0.1', 63276)
2024-10-03 10:39:09,481 - INFO - Se envi贸 el archivo kurose.pdf correctamente
