2024-10-03 13:07:35,605 - INFO - Enviando código de descarga download
2024-10-03 13:07:35,606 - INFO - Recibiendo archivo en ./client_storage/enunciado.pdf desde ('127.0.0.1', 3000)
2024-10-03 13:07:35,616 - DEBUG - Ultimo recibido: 1
2024-10-03 13:07:35,622 - INFO - Es duplicado 1
2024-10-03 13:07:35,625 - DEBUG - Ultimo recibido: 2
2024-10-03 13:07:35,626 - INFO - Es duplicado 2
2024-10-03 13:07:35,632 - DEBUG - Ultimo recibido: 3
2024-10-03 13:07:35,650 - INFO - Es duplicado 3
2024-10-03 13:07:35,651 - DEBUG - Ultimo recibido: 4
2024-10-03 13:07:35,651 - INFO - Es duplicado 4
2024-10-03 13:07:35,661 - DEBUG - Ultimo recibido: 5
2024-10-03 13:07:35,662 - INFO - Es duplicado 5
2024-10-03 13:07:35,662 - DEBUG - Ultimo recibido: 6
2024-10-03 13:07:35,663 - INFO - Es duplicado 6
2024-10-03 13:07:35,665 - DEBUG - Ultimo recibido: 7
2024-10-03 13:07:35,666 - INFO - Es duplicado 7
2024-10-03 13:07:35,707 - DEBUG - Ultimo recibido: 8
2024-10-03 13:07:35,708 - INFO - Es duplicado 8
2024-10-03 13:07:35,708 - DEBUG - Ultimo recibido: 9
2024-10-03 13:07:35,709 - INFO - Es duplicado 9
2024-10-03 13:07:35,709 - DEBUG - Ultimo recibido: 10
2024-10-03 13:07:35,709 - INFO - Es duplicado 10
2024-10-03 13:07:35,710 - DEBUG - Ultimo recibido: 11
2024-10-03 13:07:35,710 - INFO - Es duplicado 11
2024-10-03 13:07:35,730 - DEBUG - Ultimo recibido: 12
2024-10-03 13:07:35,731 - INFO - Es duplicado 12
2024-10-03 13:07:35,732 - DEBUG - Ultimo recibido: 13
2024-10-03 13:07:35,733 - INFO - Es duplicado 13
2024-10-03 13:07:35,734 - DEBUG - Ultimo recibido: 14
2024-10-03 13:07:35,734 - INFO - Es duplicado 14
2024-10-03 13:07:35,749 - DEBUG - Ultimo recibido: 15
2024-10-03 13:07:35,750 - INFO - Es duplicado 15
2024-10-03 13:07:35,750 - DEBUG - Ultimo recibido: 16
2024-10-03 13:07:35,750 - INFO - Es duplicado 16
2024-10-03 13:07:35,844 - DEBUG - Longitud received packets: 1
2024-10-03 13:07:35,844 - DEBUG - Range start: 18
2024-10-03 13:07:35,845 - DEBUG - Recibi algo malo. Espero 17 pero tengo 18-18
2024-10-03 13:07:35,845 - INFO - Es duplicado 18
2024-10-03 13:07:35,845 - DEBUG - Longitud received packets: 2
2024-10-03 13:07:35,845 - DEBUG - Range start: 18
2024-10-03 13:07:35,848 - DEBUG - packet number: [18, 19]
2024-10-03 13:07:35,848 - DEBUG - Recibi algo malo. Espero 17 pero tengo 18-19
2024-10-03 13:07:35,849 - INFO - Es duplicado 19
2024-10-03 13:07:35,850 - DEBUG - Longitud received packets: 3
2024-10-03 13:07:35,850 - DEBUG - Range start: 18
2024-10-03 13:07:35,850 - DEBUG - packet number: [18, 19, 20]
2024-10-03 13:07:35,851 - DEBUG - packet number: [18, 19, 20]
2024-10-03 13:07:35,851 - DEBUG - Recibi algo malo. Espero 17 pero tengo 18-20
2024-10-03 13:07:35,861 - INFO - Es duplicado 20
2024-10-03 13:07:35,864 - DEBUG - Longitud received packets: 4
2024-10-03 13:07:35,864 - DEBUG - Range start: 18
2024-10-03 13:07:35,865 - DEBUG - packet number: [18, 19, 20, 21]
2024-10-03 13:07:35,865 - DEBUG - packet number: [18, 19, 20, 21]
2024-10-03 13:07:35,865 - DEBUG - packet number: [18, 19, 20, 21]
2024-10-03 13:07:35,865 - DEBUG - Recibi algo malo. Espero 17 pero tengo 18-21
2024-10-03 13:07:35,865 - INFO - Es duplicado 21
2024-10-03 13:07:35,866 - DEBUG - Longitud received packets: 5
2024-10-03 13:07:35,866 - DEBUG - Range start: 18
2024-10-03 13:07:35,866 - DEBUG - packet number: [18, 19, 20, 21, 22]
2024-10-03 13:07:35,866 - DEBUG - packet number: [18, 19, 20, 21, 22]
2024-10-03 13:07:35,866 - DEBUG - packet number: [18, 19, 20, 21, 22]
2024-10-03 13:07:35,867 - DEBUG - packet number: [18, 19, 20, 21, 22]
2024-10-03 13:07:35,867 - DEBUG - Recibi algo malo. Espero 17 pero tengo 18-22
2024-10-03 13:07:35,868 - INFO - Es duplicado 22
2024-10-03 13:07:35,868 - DEBUG - Longitud received packets: 6
2024-10-03 13:07:35,871 - DEBUG - Range start: 18
2024-10-03 13:07:35,871 - DEBUG - packet number: [18, 19, 20, 21, 22, 23]
2024-10-03 13:07:35,871 - DEBUG - packet number: [18, 19, 20, 21, 22, 23]
2024-10-03 13:07:35,871 - DEBUG - packet number: [18, 19, 20, 21, 22, 23]
2024-10-03 13:07:35,872 - DEBUG - packet number: [18, 19, 20, 21, 22, 23]
2024-10-03 13:07:35,873 - DEBUG - packet number: [18, 19, 20, 21, 22, 23]
2024-10-03 13:07:35,873 - DEBUG - Recibi algo malo. Espero 17 pero tengo 18-23
2024-10-03 13:07:35,874 - INFO - Es duplicado 23
2024-10-03 13:07:35,874 - DEBUG - Longitud received packets: 7
2024-10-03 13:07:35,874 - DEBUG - Range start: 18
2024-10-03 13:07:35,874 - DEBUG - packet number: [18, 19, 20, 21, 22, 23, 24]
2024-10-03 13:07:35,874 - DEBUG - packet number: [18, 19, 20, 21, 22, 23, 24]
2024-10-03 13:07:35,875 - DEBUG - packet number: [18, 19, 20, 21, 22, 23, 24]
2024-10-03 13:07:35,875 - DEBUG - packet number: [18, 19, 20, 21, 22, 23, 24]
2024-10-03 13:07:35,875 - DEBUG - packet number: [18, 19, 20, 21, 22, 23, 24]
2024-10-03 13:07:35,875 - DEBUG - packet number: [18, 19, 20, 21, 22, 23, 24]
2024-10-03 13:07:35,875 - DEBUG - Recibi algo malo. Espero 17 pero tengo 18-24
2024-10-03 13:07:35,875 - INFO - Es duplicado 24
2024-10-03 13:07:35,875 - DEBUG - Longitud received packets: 8
2024-10-03 13:07:35,876 - DEBUG - Range start: 18
2024-10-03 13:07:35,876 - DEBUG - packet number: [18, 19, 20, 21, 22, 23, 24, 25]
2024-10-03 13:07:35,876 - DEBUG - packet number: [18, 19, 20, 21, 22, 23, 24, 25]
2024-10-03 13:07:35,876 - DEBUG - packet number: [18, 19, 20, 21, 22, 23, 24, 25]
2024-10-03 13:07:35,878 - DEBUG - packet number: [18, 19, 20, 21, 22, 23, 24, 25]
2024-10-03 13:07:35,882 - DEBUG - packet number: [18, 19, 20, 21, 22, 23, 24, 25]
2024-10-03 13:07:35,883 - DEBUG - packet number: [18, 19, 20, 21, 22, 23, 24, 25]
2024-10-03 13:07:35,883 - DEBUG - packet number: [18, 19, 20, 21, 22, 23, 24, 25]
2024-10-03 13:07:35,883 - DEBUG - Recibi algo malo. Espero 17 pero tengo 18-25
2024-10-03 13:07:35,883 - INFO - Es duplicado 25
2024-10-03 13:07:35,883 - DEBUG - Longitud received packets: 9
2024-10-03 13:07:35,884 - DEBUG - Range start: 18
2024-10-03 13:07:35,884 - DEBUG - packet number: [18, 19, 20, 21, 22, 23, 24, 25, 26]
2024-10-03 13:07:35,884 - DEBUG - packet number: [18, 19, 20, 21, 22, 23, 24, 25, 26]
2024-10-03 13:07:35,884 - DEBUG - packet number: [18, 19, 20, 21, 22, 23, 24, 25, 26]
2024-10-03 13:07:35,884 - DEBUG - packet number: [18, 19, 20, 21, 22, 23, 24, 25, 26]
2024-10-03 13:07:35,885 - DEBUG - packet number: [18, 19, 20, 21, 22, 23, 24, 25, 26]
2024-10-03 13:07:35,885 - DEBUG - packet number: [18, 19, 20, 21, 22, 23, 24, 25, 26]
2024-10-03 13:07:35,885 - DEBUG - packet number: [18, 19, 20, 21, 22, 23, 24, 25, 26]
2024-10-03 13:07:35,885 - DEBUG - packet number: [18, 19, 20, 21, 22, 23, 24, 25, 26]
2024-10-03 13:07:35,885 - DEBUG - Recibi algo malo. Espero 17 pero tengo 18-26
2024-10-03 13:07:35,886 - INFO - Es duplicado 26
2024-10-03 13:07:35,886 - DEBUG - Longitud received packets: 10
2024-10-03 13:07:35,886 - DEBUG - Range start: 18
2024-10-03 13:07:35,886 - DEBUG - packet number: [18, 19, 20, 21, 22, 23, 24, 25, 26, 27]
2024-10-03 13:07:35,887 - DEBUG - packet number: [18, 19, 20, 21, 22, 23, 24, 25, 26, 27]
2024-10-03 13:07:35,887 - DEBUG - packet number: [18, 19, 20, 21, 22, 23, 24, 25, 26, 27]
2024-10-03 13:07:35,887 - DEBUG - packet number: [18, 19, 20, 21, 22, 23, 24, 25, 26, 27]
2024-10-03 13:07:35,887 - DEBUG - packet number: [18, 19, 20, 21, 22, 23, 24, 25, 26, 27]
2024-10-03 13:07:35,888 - DEBUG - packet number: [18, 19, 20, 21, 22, 23, 24, 25, 26, 27]
2024-10-03 13:07:35,888 - DEBUG - packet number: [18, 19, 20, 21, 22, 23, 24, 25, 26, 27]
2024-10-03 13:07:35,888 - DEBUG - packet number: [18, 19, 20, 21, 22, 23, 24, 25, 26, 27]
2024-10-03 13:07:35,888 - DEBUG - packet number: [18, 19, 20, 21, 22, 23, 24, 25, 26, 27]
2024-10-03 13:07:35,889 - DEBUG - Recibi algo malo. Espero 17 pero tengo 18-27
2024-10-03 13:07:35,889 - INFO - Es duplicado 27
2024-10-03 13:07:35,890 - DEBUG - Ultimo recibido: 27
2024-10-03 13:07:35,890 - INFO - Es duplicado 17
2024-10-03 13:07:35,890 - DEBUG - Ultimo recibido: 28
2024-10-03 13:07:35,891 - INFO - Es duplicado 28
2024-10-03 13:07:35,892 - INFO - Es duplicado 17
2024-10-03 13:07:35,899 - DEBUG - Ultimo recibido: 29
2024-10-03 13:07:35,899 - INFO - Es duplicado 29
2024-10-03 13:07:35,903 - INFO - Es duplicado 17
2024-10-03 13:07:35,912 - INFO - Es duplicado 17
2024-10-03 13:07:35,913 - DEBUG - Ultimo recibido: 30
2024-10-03 13:07:35,914 - INFO - Es duplicado 30
2024-10-03 13:07:35,918 - DEBUG - Ultimo recibido: 31
2024-10-03 13:07:35,919 - INFO - Es duplicado 31
2024-10-03 13:07:35,919 - INFO - Es duplicado 17
2024-10-03 13:07:35,925 - INFO - Es duplicado 17
2024-10-03 13:07:35,926 - DEBUG - Ultimo recibido: 32
2024-10-03 13:07:35,926 - INFO - Es duplicado 32
2024-10-03 13:07:35,934 - DEBUG - Ultimo recibido: 33
2024-10-03 13:07:35,935 - INFO - Es duplicado 33
2024-10-03 13:07:35,936 - INFO - Es duplicado 17
2024-10-03 13:07:35,942 - DEBUG - Ultimo recibido: 34
2024-10-03 13:07:35,942 - INFO - Es duplicado 34
2024-10-03 13:07:35,943 - INFO - Es duplicado 17
2024-10-03 13:07:35,949 - DEBUG - Ultimo recibido: 35
2024-10-03 13:07:35,949 - INFO - Es duplicado 35
2024-10-03 13:07:35,950 - INFO - Es duplicado 17
2024-10-03 13:07:35,959 - DEBUG - Ultimo recibido: 36
2024-10-03 13:07:35,959 - INFO - Es duplicado 36
2024-10-03 13:07:35,961 - INFO - Es duplicado 17
2024-10-03 13:07:35,962 - DEBUG - Ultimo recibido: 37
2024-10-03 13:07:35,962 - INFO - Es duplicado 37
2024-10-03 13:07:35,962 - DEBUG - Ultimo recibido: 38
2024-10-03 13:07:35,963 - INFO - Es duplicado 38
2024-10-03 13:07:35,963 - DEBUG - Ultimo recibido: 39
2024-10-03 13:07:35,963 - INFO - Es duplicado 39
2024-10-03 13:07:35,966 - DEBUG - Ultimo recibido: 40
2024-10-03 13:07:35,967 - INFO - Es duplicado 40
2024-10-03 13:07:35,968 - DEBUG - Ultimo recibido: 41
2024-10-03 13:07:35,968 - INFO - Es duplicado 41
2024-10-03 13:07:35,969 - DEBUG - Ultimo recibido: 42
2024-10-03 13:07:35,970 - INFO - Es duplicado 42
2024-10-03 13:07:35,971 - DEBUG - Ultimo recibido: 43
2024-10-03 13:07:35,972 - INFO - Es duplicado 43
2024-10-03 13:07:35,972 - DEBUG - Ultimo recibido: 44
2024-10-03 13:07:35,973 - INFO - Es duplicado 44
2024-10-03 13:07:35,973 - DEBUG - Ultimo recibido: 45
2024-10-03 13:07:35,973 - INFO - Es duplicado 45
2024-10-03 13:07:35,974 - DEBUG - Ultimo recibido: 46
2024-10-03 13:07:35,974 - INFO - Es duplicado 46
2024-10-03 13:07:35,978 - DEBUG - Ultimo recibido: 47
2024-10-03 13:07:35,978 - INFO - Es duplicado 47
2024-10-03 13:07:35,979 - DEBUG - Ultimo recibido: 48
2024-10-03 13:07:35,980 - INFO - Es duplicado 48
2024-10-03 13:07:35,980 - DEBUG - Ultimo recibido: 49
2024-10-03 13:07:35,980 - INFO - Es duplicado 49
2024-10-03 13:07:35,981 - DEBUG - Ultimo recibido: 50
2024-10-03 13:07:35,981 - INFO - Es duplicado 50
2024-10-03 13:07:35,981 - DEBUG - Ultimo recibido: 51
2024-10-03 13:07:35,982 - INFO - Es duplicado 51
2024-10-03 13:07:35,982 - DEBUG - Ultimo recibido: 52
2024-10-03 13:07:35,982 - INFO - Es duplicado 52
2024-10-03 13:07:35,983 - DEBUG - Ultimo recibido: 53
2024-10-03 13:07:35,983 - INFO - Es duplicado 53
2024-10-03 13:07:35,983 - DEBUG - Ultimo recibido: 54
2024-10-03 13:07:35,984 - INFO - Es duplicado 54
2024-10-03 13:07:35,984 - DEBUG - Ultimo recibido: 55
2024-10-03 13:07:35,984 - INFO - Es duplicado 55
2024-10-03 13:07:36,094 - DEBUG - Ultimo recibido: 56
2024-10-03 13:07:36,174 - INFO - Es duplicado 56
2024-10-03 13:07:36,175 - DEBUG - Ultimo recibido: 57
2024-10-03 13:07:36,189 - INFO - Es duplicado 57
2024-10-03 13:07:36,209 - DEBUG - Ultimo recibido: 58
2024-10-03 13:07:36,211 - INFO - Es duplicado 58
2024-10-03 13:07:36,211 - DEBUG - Ultimo recibido: 59
2024-10-03 13:07:36,214 - INFO - Es duplicado 59
2024-10-03 13:07:36,290 - DEBUG - Ultimo recibido: 60
2024-10-03 13:07:36,291 - INFO - Es duplicado 60
2024-10-03 13:07:36,291 - DEBUG - Ultimo recibido: 61
2024-10-03 13:07:36,292 - INFO - Es duplicado 61
2024-10-03 13:07:36,293 - DEBUG - Ultimo recibido: 62
2024-10-03 13:07:36,293 - INFO - Es duplicado 62
2024-10-03 13:07:36,293 - DEBUG - Ultimo recibido: 63
2024-10-03 13:07:36,293 - INFO - Es duplicado 63
2024-10-03 13:07:36,294 - DEBUG - Ultimo recibido: 64
2024-10-03 13:07:36,294 - INFO - Es duplicado 64
2024-10-03 13:07:36,294 - DEBUG - Ultimo recibido: 65
2024-10-03 13:07:36,295 - INFO - Es duplicado 65
2024-10-03 13:07:36,299 - DEBUG - Ultimo recibido: 66
2024-10-03 13:07:36,299 - INFO - Es duplicado 66
2024-10-03 13:07:36,299 - DEBUG - Ultimo recibido: 67
2024-10-03 13:07:36,300 - INFO - Es duplicado 67
2024-10-03 13:07:36,300 - DEBUG - Ultimo recibido: 68
2024-10-03 13:07:36,300 - INFO - Es duplicado 68
2024-10-03 13:07:36,301 - DEBUG - Ultimo recibido: 69
2024-10-03 13:07:36,301 - INFO - Es duplicado 69
2024-10-03 13:07:36,302 - DEBUG - Ultimo recibido: 70
2024-10-03 13:07:36,302 - INFO - Es duplicado 70
2024-10-03 13:07:36,303 - DEBUG - Ultimo recibido: 71
2024-10-03 13:07:36,303 - INFO - Es duplicado 71
2024-10-03 13:07:36,304 - DEBUG - Ultimo recibido: 72
2024-10-03 13:07:36,304 - INFO - Es duplicado 72
2024-10-03 13:07:36,304 - DEBUG - Ultimo recibido: 73
2024-10-03 13:07:36,304 - INFO - Es duplicado 73
2024-10-03 13:07:36,305 - DEBUG - Ultimo recibido: 74
2024-10-03 13:07:36,305 - INFO - Es duplicado 74
2024-10-03 13:07:36,305 - DEBUG - Ultimo recibido: 75
2024-10-03 13:07:36,306 - INFO - Es duplicado 75
2024-10-03 13:07:36,306 - DEBUG - Ultimo recibido: 76
2024-10-03 13:07:36,306 - INFO - Es duplicado 76
2024-10-03 13:07:36,306 - DEBUG - Ultimo recibido: 77
2024-10-03 13:07:36,307 - INFO - Es duplicado 77
2024-10-03 13:07:36,308 - DEBUG - Ultimo recibido: 78
2024-10-03 13:07:36,308 - INFO - Es duplicado 78
2024-10-03 13:07:36,308 - DEBUG - Ultimo recibido: 79
2024-10-03 13:07:36,308 - INFO - Es duplicado 79
2024-10-03 13:07:36,309 - DEBUG - Ultimo recibido: 80
2024-10-03 13:07:36,309 - INFO - Es duplicado 80
2024-10-03 13:07:36,313 - DEBUG - Ultimo recibido: 81
2024-10-03 13:07:36,314 - INFO - Es duplicado 81
2024-10-03 13:07:36,314 - DEBUG - Ultimo recibido: 82
2024-10-03 13:07:36,314 - INFO - Es duplicado 82
2024-10-03 13:07:36,315 - DEBUG - Ultimo recibido: 83
2024-10-03 13:07:36,315 - INFO - Es duplicado 83
2024-10-03 13:07:36,315 - DEBUG - Ultimo recibido: 84
2024-10-03 13:07:36,315 - INFO - Es duplicado 84
2024-10-03 13:07:36,316 - DEBUG - Ultimo recibido: 85
2024-10-03 13:07:36,319 - INFO - Es duplicado 85
2024-10-03 13:07:36,319 - DEBUG - Longitud received packets: 1
2024-10-03 13:07:36,320 - DEBUG - Range start: 87
2024-10-03 13:07:36,320 - DEBUG - Recibi algo malo. Espero 86 pero tengo 87-87
2024-10-03 13:07:36,320 - INFO - Es duplicado 87
2024-10-03 13:07:36,320 - DEBUG - Longitud received packets: 2
2024-10-03 13:07:36,320 - DEBUG - Range start: 87
2024-10-03 13:07:36,321 - DEBUG - packet number: [87, 88]
2024-10-03 13:07:36,322 - DEBUG - Recibi algo malo. Espero 86 pero tengo 87-88
2024-10-03 13:07:36,322 - INFO - Es duplicado 88
2024-10-03 13:07:36,322 - DEBUG - Longitud received packets: 3
2024-10-03 13:07:36,322 - DEBUG - Range start: 87
2024-10-03 13:07:36,322 - DEBUG - packet number: [87, 88, 89]
2024-10-03 13:07:36,323 - DEBUG - packet number: [87, 88, 89]
2024-10-03 13:07:36,323 - DEBUG - Recibi algo malo. Espero 86 pero tengo 87-89
2024-10-03 13:07:36,323 - INFO - Es duplicado 89
2024-10-03 13:07:36,323 - DEBUG - Longitud received packets: 4
2024-10-03 13:07:36,323 - DEBUG - Range start: 87
2024-10-03 13:07:36,323 - DEBUG - packet number: [87, 88, 89, 90]
2024-10-03 13:07:36,324 - DEBUG - packet number: [87, 88, 89, 90]
2024-10-03 13:07:36,324 - DEBUG - packet number: [87, 88, 89, 90]
2024-10-03 13:07:36,324 - DEBUG - Recibi algo malo. Espero 86 pero tengo 87-90
2024-10-03 13:07:36,324 - INFO - Es duplicado 90
2024-10-03 13:07:36,324 - DEBUG - Longitud received packets: 5
2024-10-03 13:07:36,324 - DEBUG - Range start: 87
2024-10-03 13:07:36,325 - DEBUG - packet number: [87, 88, 89, 90, 91]
2024-10-03 13:07:36,325 - DEBUG - packet number: [87, 88, 89, 90, 91]
2024-10-03 13:07:36,325 - DEBUG - packet number: [87, 88, 89, 90, 91]
2024-10-03 13:07:36,325 - DEBUG - packet number: [87, 88, 89, 90, 91]
2024-10-03 13:07:36,325 - DEBUG - Recibi algo malo. Espero 86 pero tengo 87-91
2024-10-03 13:07:36,326 - INFO - Es duplicado 91
2024-10-03 13:07:36,326 - DEBUG - Longitud received packets: 6
2024-10-03 13:07:36,328 - DEBUG - Range start: 87
2024-10-03 13:07:36,328 - DEBUG - packet number: [87, 88, 89, 90, 91, 92]
2024-10-03 13:07:36,328 - DEBUG - packet number: [87, 88, 89, 90, 91, 92]
2024-10-03 13:07:36,328 - DEBUG - packet number: [87, 88, 89, 90, 91, 92]
2024-10-03 13:07:36,328 - DEBUG - packet number: [87, 88, 89, 90, 91, 92]
2024-10-03 13:07:36,329 - DEBUG - packet number: [87, 88, 89, 90, 91, 92]
2024-10-03 13:07:36,329 - DEBUG - Recibi algo malo. Espero 86 pero tengo 87-92
2024-10-03 13:07:36,329 - INFO - Es duplicado 92
2024-10-03 13:07:36,330 - DEBUG - Longitud received packets: 7
2024-10-03 13:07:36,330 - DEBUG - Range start: 87
2024-10-03 13:07:36,330 - DEBUG - packet number: [87, 88, 89, 90, 91, 92, 93]
2024-10-03 13:07:36,330 - DEBUG - packet number: [87, 88, 89, 90, 91, 92, 93]
2024-10-03 13:07:36,331 - DEBUG - packet number: [87, 88, 89, 90, 91, 92, 93]
2024-10-03 13:07:36,331 - DEBUG - packet number: [87, 88, 89, 90, 91, 92, 93]
2024-10-03 13:07:36,331 - DEBUG - packet number: [87, 88, 89, 90, 91, 92, 93]
2024-10-03 13:07:36,331 - DEBUG - packet number: [87, 88, 89, 90, 91, 92, 93]
2024-10-03 13:07:36,331 - DEBUG - Recibi algo malo. Espero 86 pero tengo 87-93
2024-10-03 13:07:36,331 - INFO - Es duplicado 93
2024-10-03 13:07:36,332 - DEBUG - Longitud received packets: 8
2024-10-03 13:07:36,332 - DEBUG - Range start: 87
2024-10-03 13:07:36,332 - DEBUG - packet number: [87, 88, 89, 90, 91, 92, 93, 94]
2024-10-03 13:07:36,332 - DEBUG - packet number: [87, 88, 89, 90, 91, 92, 93, 94]
2024-10-03 13:07:36,335 - DEBUG - packet number: [87, 88, 89, 90, 91, 92, 93, 94]
2024-10-03 13:07:36,335 - DEBUG - packet number: [87, 88, 89, 90, 91, 92, 93, 94]
2024-10-03 13:07:36,335 - DEBUG - packet number: [87, 88, 89, 90, 91, 92, 93, 94]
2024-10-03 13:07:36,336 - DEBUG - packet number: [87, 88, 89, 90, 91, 92, 93, 94]
2024-10-03 13:07:36,336 - DEBUG - packet number: [87, 88, 89, 90, 91, 92, 93, 94]
2024-10-03 13:07:36,337 - DEBUG - Recibi algo malo. Espero 86 pero tengo 87-94
2024-10-03 13:07:36,338 - INFO - Es duplicado 94
2024-10-03 13:07:36,339 - DEBUG - Longitud received packets: 9
2024-10-03 13:07:36,339 - DEBUG - Range start: 87
2024-10-03 13:07:36,340 - DEBUG - packet number: [87, 88, 89, 90, 91, 92, 93, 94, 95]
2024-10-03 13:07:36,340 - DEBUG - packet number: [87, 88, 89, 90, 91, 92, 93, 94, 95]
2024-10-03 13:07:36,340 - DEBUG - packet number: [87, 88, 89, 90, 91, 92, 93, 94, 95]
2024-10-03 13:07:36,340 - DEBUG - packet number: [87, 88, 89, 90, 91, 92, 93, 94, 95]
2024-10-03 13:07:36,340 - DEBUG - packet number: [87, 88, 89, 90, 91, 92, 93, 94, 95]
2024-10-03 13:07:36,340 - DEBUG - packet number: [87, 88, 89, 90, 91, 92, 93, 94, 95]
2024-10-03 13:07:36,340 - DEBUG - packet number: [87, 88, 89, 90, 91, 92, 93, 94, 95]
2024-10-03 13:07:36,341 - DEBUG - packet number: [87, 88, 89, 90, 91, 92, 93, 94, 95]
2024-10-03 13:07:36,341 - DEBUG - Recibi algo malo. Espero 86 pero tengo 87-95
2024-10-03 13:07:36,341 - INFO - Es duplicado 95
2024-10-03 13:07:36,341 - DEBUG - Longitud received packets: 10
2024-10-03 13:07:36,342 - DEBUG - Range start: 87
2024-10-03 13:07:36,342 - DEBUG - packet number: [87, 88, 89, 90, 91, 92, 93, 94, 95, 96]
2024-10-03 13:07:36,342 - DEBUG - packet number: [87, 88, 89, 90, 91, 92, 93, 94, 95, 96]
2024-10-03 13:07:36,342 - DEBUG - packet number: [87, 88, 89, 90, 91, 92, 93, 94, 95, 96]
2024-10-03 13:07:36,342 - DEBUG - packet number: [87, 88, 89, 90, 91, 92, 93, 94, 95, 96]
2024-10-03 13:07:36,342 - DEBUG - packet number: [87, 88, 89, 90, 91, 92, 93, 94, 95, 96]
2024-10-03 13:07:36,342 - DEBUG - packet number: [87, 88, 89, 90, 91, 92, 93, 94, 95, 96]
2024-10-03 13:07:36,343 - DEBUG - packet number: [87, 88, 89, 90, 91, 92, 93, 94, 95, 96]
2024-10-03 13:07:36,343 - DEBUG - packet number: [87, 88, 89, 90, 91, 92, 93, 94, 95, 96]
2024-10-03 13:07:36,344 - DEBUG - packet number: [87, 88, 89, 90, 91, 92, 93, 94, 95, 96]
2024-10-03 13:07:36,344 - DEBUG - Recibi algo malo. Espero 86 pero tengo 87-96
2024-10-03 13:07:36,344 - INFO - Es duplicado 96
2024-10-03 13:07:36,345 - DEBUG - Ultimo recibido: 96
2024-10-03 13:07:36,345 - INFO - Es duplicado 86
2024-10-03 13:07:36,346 - DEBUG - Ultimo recibido: 97
2024-10-03 13:07:36,346 - INFO - Es duplicado 97
2024-10-03 13:07:36,346 - INFO - Es duplicado 86
2024-10-03 13:07:36,350 - INFO - Es duplicado 86
2024-10-03 13:07:36,351 - DEBUG - Ultimo recibido: 98
2024-10-03 13:07:36,352 - INFO - Es duplicado 98
2024-10-03 13:07:36,512 - INFO - Es duplicado 86
2024-10-03 13:07:36,512 - INFO - Es duplicado 86
2024-10-03 13:07:36,512 - INFO - Es duplicado 86
2024-10-03 13:07:36,515 - INFO - Es duplicado 86
2024-10-03 13:07:36,540 - INFO - Es duplicado 86
2024-10-03 13:07:36,541 - INFO - Es duplicado 86
2024-10-03 13:07:36,541 - INFO - Es duplicado 86
2024-10-03 13:07:36,542 - DEBUG - Ultimo recibido: 99
2024-10-03 13:07:36,543 - INFO - Es duplicado 99
2024-10-03 13:07:36,543 - DEBUG - Ultimo recibido: 100
2024-10-03 13:07:36,544 - INFO - Es duplicado 100
2024-10-03 13:07:36,546 - DEBUG - Ultimo recibido: 101
2024-10-03 13:07:36,580 - INFO - Es duplicado 101
2024-10-03 13:07:36,580 - DEBUG - Ultimo recibido: 102
2024-10-03 13:07:36,580 - INFO - Es duplicado 102
2024-10-03 13:07:36,581 - DEBUG - Ultimo recibido: 103
2024-10-03 13:07:36,582 - INFO - Es duplicado 103
2024-10-03 13:07:36,582 - DEBUG - Ultimo recibido: 104
2024-10-03 13:07:36,582 - INFO - Es duplicado 104
2024-10-03 13:07:36,582 - DEBUG - Ultimo recibido: 105
2024-10-03 13:07:36,584 - INFO - Es duplicado 105
2024-10-03 13:07:36,584 - DEBUG - Ultimo recibido: 106
2024-10-03 13:07:36,584 - INFO - Es duplicado 106
2024-10-03 13:07:36,585 - DEBUG - Ultimo recibido: 107
2024-10-03 13:07:36,585 - INFO - Es duplicado 107
2024-10-03 13:07:36,585 - DEBUG - Ultimo recibido: 108
2024-10-03 13:07:36,586 - INFO - Es duplicado 108
2024-10-03 13:07:36,594 - DEBUG - Ultimo recibido: 109
2024-10-03 13:07:36,596 - INFO - Es duplicado 109
2024-10-03 13:07:36,596 - DEBUG - Ultimo recibido: 110
2024-10-03 13:07:36,596 - INFO - Es duplicado 110
2024-10-03 13:07:36,598 - DEBUG - Ultimo recibido: 111
2024-10-03 13:07:36,599 - INFO - Es duplicado 111
2024-10-03 13:07:36,601 - DEBUG - Ultimo recibido: 112
2024-10-03 13:07:36,602 - INFO - Es duplicado 112
2024-10-03 13:07:36,611 - DEBUG - Ultimo recibido: 113
2024-10-03 13:07:36,611 - INFO - Es duplicado 113
2024-10-03 13:07:36,611 - DEBUG - Ultimo recibido: 114
2024-10-03 13:07:36,612 - INFO - Es duplicado 114
2024-10-03 13:07:36,612 - DEBUG - Ultimo recibido: 115
2024-10-03 13:07:36,613 - INFO - Es duplicado 115
2024-10-03 13:07:36,613 - DEBUG - Ultimo recibido: 116
2024-10-03 13:07:36,613 - INFO - Es duplicado 116
2024-10-03 13:07:36,613 - DEBUG - Ultimo recibido: 117
2024-10-03 13:07:36,614 - INFO - Es duplicado 117
2024-10-03 13:07:36,614 - DEBUG - Ultimo recibido: 118
2024-10-03 13:07:36,614 - INFO - Es duplicado 118
2024-10-03 13:07:36,614 - DEBUG - Ultimo recibido: 119
2024-10-03 13:07:36,615 - INFO - Es duplicado 119
2024-10-03 13:07:36,616 - DEBUG - Ultimo recibido: 120
2024-10-03 13:07:36,616 - INFO - Es duplicado 120
2024-10-03 13:07:36,616 - DEBUG - Ultimo recibido: 121
2024-10-03 13:07:36,618 - INFO - Es duplicado 121
2024-10-03 13:07:36,619 - DEBUG - Ultimo recibido: 122
2024-10-03 13:07:36,619 - INFO - Es duplicado 122
2024-10-03 13:07:36,623 - DEBUG - Ultimo recibido: 123
2024-10-03 13:07:36,623 - INFO - Es duplicado 123
2024-10-03 13:07:36,623 - DEBUG - Ultimo recibido: 124
2024-10-03 13:07:36,624 - INFO - Es duplicado 124
2024-10-03 13:07:36,625 - DEBUG - Ultimo recibido: 125
2024-10-03 13:07:36,625 - INFO - Es duplicado 125
2024-10-03 13:07:36,625 - DEBUG - Ultimo recibido: 126
2024-10-03 13:07:36,625 - INFO - Es duplicado 126
2024-10-03 13:07:36,626 - DEBUG - Ultimo recibido: 127
2024-10-03 13:07:36,626 - INFO - Es duplicado 127
2024-10-03 13:07:36,626 - DEBUG - Ultimo recibido: 128
2024-10-03 13:07:36,626 - INFO - Es duplicado 128
2024-10-03 13:07:36,628 - DEBUG - Ultimo recibido: 129
2024-10-03 13:07:36,628 - INFO - Es duplicado 129
2024-10-03 13:07:36,628 - DEBUG - Ultimo recibido: 130
2024-10-03 13:07:36,628 - INFO - Es duplicado 130
2024-10-03 13:07:36,629 - DEBUG - Ultimo recibido: 131
2024-10-03 13:07:36,629 - INFO - Es duplicado 131
2024-10-03 13:07:36,629 - DEBUG - Ultimo recibido: 132
2024-10-03 13:07:36,630 - INFO - Es duplicado 132
2024-10-03 13:07:36,630 - DEBUG - Ultimo recibido: 133
2024-10-03 13:07:36,630 - INFO - Es duplicado 133
2024-10-03 13:07:36,630 - DEBUG - Ultimo recibido: 134
2024-10-03 13:07:36,631 - INFO - Es duplicado 134
2024-10-03 13:07:36,631 - DEBUG - Ultimo recibido: 135
2024-10-03 13:07:36,631 - INFO - Es duplicado 135
2024-10-03 13:07:36,638 - DEBUG - Ultimo recibido: 136
2024-10-03 13:07:36,639 - INFO - Es duplicado 136
2024-10-03 13:07:36,639 - DEBUG - Ultimo recibido: 137
2024-10-03 13:07:36,639 - INFO - Es duplicado 137
2024-10-03 13:07:36,642 - DEBUG - Ultimo recibido: 138
2024-10-03 13:07:36,644 - INFO - Es duplicado 138
2024-10-03 13:07:36,644 - DEBUG - Ultimo recibido: 139
2024-10-03 13:07:36,644 - INFO - Es duplicado 139
2024-10-03 13:07:36,644 - DEBUG - Ultimo recibido: 140
2024-10-03 13:07:36,645 - INFO - Es duplicado 140
2024-10-03 13:07:36,645 - DEBUG - Ultimo recibido: 141
2024-10-03 13:07:36,645 - INFO - Es duplicado 141
2024-10-03 13:07:36,646 - DEBUG - Ultimo recibido: 142
2024-10-03 13:07:36,646 - INFO - Es duplicado 142
2024-10-03 13:07:36,646 - DEBUG - Ultimo recibido: 143
2024-10-03 13:07:36,646 - INFO - Es duplicado 143
2024-10-03 13:07:36,646 - DEBUG - Ultimo recibido: 144
2024-10-03 13:07:36,648 - INFO - Es duplicado 144
2024-10-03 13:07:36,649 - DEBUG - Ultimo recibido: 145
2024-10-03 13:07:36,649 - INFO - Es duplicado 145
2024-10-03 13:07:36,649 - DEBUG - Ultimo recibido: 146
2024-10-03 13:07:36,650 - INFO - Es duplicado 146
2024-10-03 13:07:36,650 - DEBUG - Ultimo recibido: 147
2024-10-03 13:07:36,650 - INFO - Es duplicado 147
2024-10-03 13:07:36,651 - DEBUG - Ultimo recibido: 148
2024-10-03 13:07:36,651 - INFO - Es duplicado 148
2024-10-03 13:07:36,651 - DEBUG - Ultimo recibido: 149
2024-10-03 13:07:36,651 - INFO - Es duplicado 149
2024-10-03 13:07:36,652 - DEBUG - Ultimo recibido: 150
2024-10-03 13:07:36,652 - INFO - Es duplicado 150
2024-10-03 13:07:36,652 - DEBUG - Ultimo recibido: 151
2024-10-03 13:07:36,654 - INFO - Es duplicado 151
2024-10-03 13:07:36,654 - DEBUG - Ultimo recibido: 152
2024-10-03 13:07:36,654 - INFO - Es duplicado 152
2024-10-03 13:07:36,655 - DEBUG - Ultimo recibido: 153
2024-10-03 13:07:36,655 - INFO - Es duplicado 153
2024-10-03 13:07:36,656 - DEBUG - Ultimo recibido: 154
2024-10-03 13:07:36,656 - INFO - Es duplicado 154
2024-10-03 13:07:36,660 - DEBUG - Ultimo recibido: 155
2024-10-03 13:07:36,660 - INFO - Es duplicado 155
2024-10-03 13:07:36,660 - DEBUG - Ultimo recibido: 156
2024-10-03 13:07:36,661 - INFO - Es duplicado 156
2024-10-03 13:07:36,661 - DEBUG - Longitud received packets: 1
2024-10-03 13:07:36,661 - DEBUG - Range start: 158
2024-10-03 13:07:36,661 - DEBUG - Recibi algo malo. Espero 157 pero tengo 158-158
2024-10-03 13:07:36,661 - INFO - Es duplicado 158
2024-10-03 13:07:36,662 - DEBUG - Longitud received packets: 2
2024-10-03 13:07:36,662 - DEBUG - Range start: 158
2024-10-03 13:07:36,662 - DEBUG - packet number: [158, 159]
2024-10-03 13:07:36,662 - DEBUG - Recibi algo malo. Espero 157 pero tengo 158-159
2024-10-03 13:07:36,663 - INFO - Es duplicado 159
2024-10-03 13:07:36,665 - DEBUG - Longitud received packets: 3
2024-10-03 13:07:36,665 - DEBUG - Range start: 158
2024-10-03 13:07:36,665 - DEBUG - packet number: [158, 159, 160]
2024-10-03 13:07:36,666 - DEBUG - packet number: [158, 159, 160]
2024-10-03 13:07:36,667 - DEBUG - Recibi algo malo. Espero 157 pero tengo 158-160
2024-10-03 13:07:36,668 - INFO - Es duplicado 160
2024-10-03 13:07:36,668 - DEBUG - Longitud received packets: 4
2024-10-03 13:07:36,669 - DEBUG - Range start: 158
2024-10-03 13:07:36,669 - DEBUG - packet number: [158, 159, 160, 161]
2024-10-03 13:07:36,669 - DEBUG - packet number: [158, 159, 160, 161]
2024-10-03 13:07:36,669 - DEBUG - packet number: [158, 159, 160, 161]
2024-10-03 13:07:36,669 - DEBUG - Recibi algo malo. Espero 157 pero tengo 158-161
2024-10-03 13:07:36,670 - INFO - Es duplicado 161
2024-10-03 13:07:36,670 - DEBUG - Longitud received packets: 5
2024-10-03 13:07:36,670 - DEBUG - Range start: 158
2024-10-03 13:07:36,670 - DEBUG - packet number: [158, 159, 160, 161, 162]
2024-10-03 13:07:36,671 - DEBUG - packet number: [158, 159, 160, 161, 162]
2024-10-03 13:07:36,671 - DEBUG - packet number: [158, 159, 160, 161, 162]
2024-10-03 13:07:36,671 - DEBUG - packet number: [158, 159, 160, 161, 162]
2024-10-03 13:07:36,671 - DEBUG - Recibi algo malo. Espero 157 pero tengo 158-162
2024-10-03 13:07:36,671 - INFO - Es duplicado 162
2024-10-03 13:07:36,671 - DEBUG - Longitud received packets: 6
2024-10-03 13:07:36,671 - DEBUG - Range start: 158
2024-10-03 13:07:36,672 - DEBUG - packet number: [158, 159, 160, 161, 162, 163]
2024-10-03 13:07:36,672 - DEBUG - packet number: [158, 159, 160, 161, 162, 163]
2024-10-03 13:07:36,672 - DEBUG - packet number: [158, 159, 160, 161, 162, 163]
2024-10-03 13:07:36,672 - DEBUG - packet number: [158, 159, 160, 161, 162, 163]
2024-10-03 13:07:36,672 - DEBUG - packet number: [158, 159, 160, 161, 162, 163]
2024-10-03 13:07:36,672 - DEBUG - Recibi algo malo. Espero 157 pero tengo 158-163
2024-10-03 13:07:36,673 - INFO - Es duplicado 163
2024-10-03 13:07:36,673 - DEBUG - Longitud received packets: 7
2024-10-03 13:07:36,673 - DEBUG - Range start: 158
2024-10-03 13:07:36,673 - DEBUG - packet number: [158, 159, 160, 161, 162, 163, 164]
2024-10-03 13:07:36,673 - DEBUG - packet number: [158, 159, 160, 161, 162, 163, 164]
2024-10-03 13:07:36,674 - DEBUG - packet number: [158, 159, 160, 161, 162, 163, 164]
2024-10-03 13:07:36,674 - DEBUG - packet number: [158, 159, 160, 161, 162, 163, 164]
2024-10-03 13:07:36,674 - DEBUG - packet number: [158, 159, 160, 161, 162, 163, 164]
2024-10-03 13:07:36,674 - DEBUG - packet number: [158, 159, 160, 161, 162, 163, 164]
2024-10-03 13:07:36,674 - DEBUG - Recibi algo malo. Espero 157 pero tengo 158-164
2024-10-03 13:07:36,675 - INFO - Es duplicado 164
2024-10-03 13:07:36,676 - DEBUG - Longitud received packets: 8
2024-10-03 13:07:36,676 - DEBUG - Range start: 158
2024-10-03 13:07:36,676 - DEBUG - packet number: [158, 159, 160, 161, 162, 163, 164, 165]
2024-10-03 13:07:36,676 - DEBUG - packet number: [158, 159, 160, 161, 162, 163, 164, 165]
2024-10-03 13:07:36,676 - DEBUG - packet number: [158, 159, 160, 161, 162, 163, 164, 165]
2024-10-03 13:07:36,676 - DEBUG - packet number: [158, 159, 160, 161, 162, 163, 164, 165]
2024-10-03 13:07:36,677 - DEBUG - packet number: [158, 159, 160, 161, 162, 163, 164, 165]
2024-10-03 13:07:36,677 - DEBUG - packet number: [158, 159, 160, 161, 162, 163, 164, 165]
2024-10-03 13:07:36,678 - DEBUG - packet number: [158, 159, 160, 161, 162, 163, 164, 165]
2024-10-03 13:07:36,679 - DEBUG - Recibi algo malo. Espero 157 pero tengo 158-165
2024-10-03 13:07:36,680 - INFO - Es duplicado 165
2024-10-03 13:07:36,681 - DEBUG - Longitud received packets: 9
2024-10-03 13:07:36,681 - DEBUG - Range start: 158
2024-10-03 13:07:36,681 - DEBUG - packet number: [158, 159, 160, 161, 162, 163, 164, 165, 166]
2024-10-03 13:07:36,682 - DEBUG - packet number: [158, 159, 160, 161, 162, 163, 164, 165, 166]
2024-10-03 13:07:36,682 - DEBUG - packet number: [158, 159, 160, 161, 162, 163, 164, 165, 166]
2024-10-03 13:07:36,682 - DEBUG - packet number: [158, 159, 160, 161, 162, 163, 164, 165, 166]
2024-10-03 13:07:36,682 - DEBUG - packet number: [158, 159, 160, 161, 162, 163, 164, 165, 166]
2024-10-03 13:07:36,682 - DEBUG - packet number: [158, 159, 160, 161, 162, 163, 164, 165, 166]
2024-10-03 13:07:36,683 - DEBUG - packet number: [158, 159, 160, 161, 162, 163, 164, 165, 166]
2024-10-03 13:07:36,683 - DEBUG - packet number: [158, 159, 160, 161, 162, 163, 164, 165, 166]
2024-10-03 13:07:36,683 - DEBUG - Recibi algo malo. Espero 157 pero tengo 158-166
2024-10-03 13:07:36,683 - INFO - Es duplicado 166
2024-10-03 13:07:36,683 - DEBUG - Longitud received packets: 10
2024-10-03 13:07:36,683 - DEBUG - Range start: 158
2024-10-03 13:07:36,684 - DEBUG - packet number: [158, 159, 160, 161, 162, 163, 164, 165, 166, 167]
2024-10-03 13:07:36,684 - DEBUG - packet number: [158, 159, 160, 161, 162, 163, 164, 165, 166, 167]
2024-10-03 13:07:36,684 - DEBUG - packet number: [158, 159, 160, 161, 162, 163, 164, 165, 166, 167]
2024-10-03 13:07:36,684 - DEBUG - packet number: [158, 159, 160, 161, 162, 163, 164, 165, 166, 167]
2024-10-03 13:07:36,684 - DEBUG - packet number: [158, 159, 160, 161, 162, 163, 164, 165, 166, 167]
2024-10-03 13:07:36,684 - DEBUG - packet number: [158, 159, 160, 161, 162, 163, 164, 165, 166, 167]
2024-10-03 13:07:36,685 - DEBUG - packet number: [158, 159, 160, 161, 162, 163, 164, 165, 166, 167]
2024-10-03 13:07:36,685 - DEBUG - packet number: [158, 159, 160, 161, 162, 163, 164, 165, 166, 167]
2024-10-03 13:07:36,685 - DEBUG - packet number: [158, 159, 160, 161, 162, 163, 164, 165, 166, 167]
2024-10-03 13:07:36,686 - DEBUG - Recibi algo malo. Espero 157 pero tengo 158-167
2024-10-03 13:07:36,686 - INFO - Es duplicado 167
2024-10-03 13:07:36,686 - DEBUG - Ultimo recibido: 167
2024-10-03 13:07:36,687 - INFO - Es duplicado 157
2024-10-03 13:07:36,688 - INFO - Es duplicado 157
2024-10-03 13:07:36,688 - DEBUG - Ultimo recibido: 168
2024-10-03 13:07:36,688 - INFO - Es duplicado 168
2024-10-03 13:07:36,692 - DEBUG - Ultimo recibido: 169
2024-10-03 13:07:36,692 - INFO - Es duplicado 169
2024-10-03 13:07:36,693 - INFO - Es duplicado 157
2024-10-03 13:07:36,707 - DEBUG - Ultimo recibido: 170
2024-10-03 13:07:36,708 - INFO - Es duplicado 170
2024-10-03 13:07:36,709 - INFO - Es duplicado 157
2024-10-03 13:07:36,719 - DEBUG - Ultimo recibido: 171
2024-10-03 13:07:36,720 - INFO - Es duplicado 171
2024-10-03 13:07:36,720 - INFO - Es duplicado 157
2024-10-03 13:07:36,724 - DEBUG - Ultimo recibido: 172
2024-10-03 13:07:36,724 - INFO - Es duplicado 172
2024-10-03 13:07:36,725 - INFO - Es duplicado 157
2024-10-03 13:07:36,841 - INFO - Es duplicado 157
2024-10-03 13:07:36,987 - INFO - Es duplicado 157
2024-10-03 13:07:36,990 - DEBUG - Ultimo recibido: 173
2024-10-03 13:07:36,992 - INFO - Es duplicado 173
2024-10-03 13:07:36,995 - DEBUG - Ultimo recibido: 174
2024-10-03 13:07:36,995 - INFO - Es duplicado 174
2024-10-03 13:07:37,010 - INFO - Es duplicado 157
2024-10-03 13:07:37,010 - DEBUG - Ultimo recibido: 175
2024-10-03 13:07:37,010 - INFO - Es duplicado 175
2024-10-03 13:07:37,019 - INFO - Es duplicado 157
2024-10-03 13:07:37,020 - DEBUG - Ultimo recibido: 176
2024-10-03 13:07:37,023 - INFO - Es duplicado 176
2024-10-03 13:07:37,024 - DEBUG - Ultimo recibido: 177
2024-10-03 13:07:37,026 - INFO - Es duplicado 177
2024-10-03 13:07:37,026 - DEBUG - Ultimo recibido: 178
2024-10-03 13:07:37,026 - INFO - Es duplicado 178
2024-10-03 13:07:37,032 - DEBUG - Ultimo recibido: 179
2024-10-03 13:07:37,033 - INFO - Es duplicado 179
2024-10-03 13:07:37,033 - DEBUG - Ultimo recibido: 180
2024-10-03 13:07:37,033 - INFO - Es duplicado 180
2024-10-03 13:07:37,035 - DEBUG - Ultimo recibido: 181
2024-10-03 13:07:37,039 - INFO - Es duplicado 181
2024-10-03 13:07:37,039 - DEBUG - Ultimo recibido: 182
2024-10-03 13:07:37,040 - INFO - Es duplicado 182
2024-10-03 13:07:37,041 - DEBUG - Ultimo recibido: 183
2024-10-03 13:07:37,042 - INFO - Es duplicado 183
2024-10-03 13:07:37,042 - DEBUG - Ultimo recibido: 184
2024-10-03 13:07:37,043 - INFO - Es duplicado 184
2024-10-03 13:07:37,043 - DEBUG - Ultimo recibido: 185
2024-10-03 13:07:37,043 - INFO - Es duplicado 185
2024-10-03 13:07:37,048 - DEBUG - Ultimo recibido: 186
2024-10-03 13:07:37,049 - INFO - Es duplicado 186
2024-10-03 13:07:37,049 - DEBUG - Ultimo recibido: 187
2024-10-03 13:07:37,050 - INFO - Es duplicado 187
2024-10-03 13:07:37,050 - DEBUG - Ultimo recibido: 188
2024-10-03 13:07:37,050 - INFO - Es duplicado 188
2024-10-03 13:07:37,050 - DEBUG - Ultimo recibido: 189
2024-10-03 13:07:37,051 - INFO - Es duplicado 189
2024-10-03 13:07:37,051 - DEBUG - Ultimo recibido: 190
2024-10-03 13:07:37,051 - INFO - Es duplicado 190
2024-10-03 13:07:37,051 - DEBUG - Ultimo recibido: 191
2024-10-03 13:07:37,052 - INFO - Es duplicado 191
2024-10-03 13:07:37,054 - DEBUG - Ultimo recibido: 192
2024-10-03 13:07:37,054 - INFO - Es duplicado 192
2024-10-03 13:07:37,055 - DEBUG - Ultimo recibido: 193
2024-10-03 13:07:37,055 - INFO - Es duplicado 193
2024-10-03 13:07:37,055 - DEBUG - Ultimo recibido: 194
2024-10-03 13:07:37,056 - INFO - Es duplicado 194
2024-10-03 13:07:37,056 - DEBUG - Ultimo recibido: 195
2024-10-03 13:07:37,059 - INFO - Es duplicado 195
2024-10-03 13:07:37,059 - DEBUG - Ultimo recibido: 196
2024-10-03 13:07:37,066 - INFO - Es duplicado 196
2024-10-03 13:07:37,066 - DEBUG - Ultimo recibido: 197
2024-10-03 13:07:37,070 - INFO - Es duplicado 197
2024-10-03 13:07:37,070 - DEBUG - Ultimo recibido: 198
2024-10-03 13:07:37,070 - INFO - Es duplicado 198
2024-10-03 13:07:37,072 - DEBUG - Ultimo recibido: 199
2024-10-03 13:07:37,072 - INFO - Es duplicado 199
2024-10-03 13:07:37,073 - DEBUG - Ultimo recibido: 200
2024-10-03 13:07:37,074 - INFO - Es duplicado 200
2024-10-03 13:07:37,074 - DEBUG - Longitud received packets: 1
2024-10-03 13:07:37,075 - DEBUG - Range start: 202
2024-10-03 13:07:37,080 - DEBUG - Recibi algo malo. Espero 201 pero tengo 202-202
2024-10-03 13:07:37,080 - INFO - Es duplicado 202
2024-10-03 13:07:37,081 - DEBUG - Longitud received packets: 2
2024-10-03 13:07:37,081 - DEBUG - Range start: 202
2024-10-03 13:07:37,081 - DEBUG - packet number: [202, 203]
2024-10-03 13:07:37,081 - DEBUG - Recibi algo malo. Espero 201 pero tengo 202-203
2024-10-03 13:07:37,081 - INFO - Es duplicado 203
2024-10-03 13:07:37,084 - DEBUG - Longitud received packets: 3
2024-10-03 13:07:37,085 - DEBUG - Range start: 202
2024-10-03 13:07:37,085 - DEBUG - packet number: [202, 203, 204]
2024-10-03 13:07:37,086 - DEBUG - packet number: [202, 203, 204]
2024-10-03 13:07:37,089 - DEBUG - Recibi algo malo. Espero 201 pero tengo 202-204
2024-10-03 13:07:37,104 - INFO - Es duplicado 204
2024-10-03 13:07:37,106 - DEBUG - Longitud received packets: 4
2024-10-03 13:07:37,311 - DEBUG - Range start: 202
2024-10-03 13:07:37,311 - DEBUG - packet number: [202, 203, 204, 205]
2024-10-03 13:07:37,318 - DEBUG - packet number: [202, 203, 204, 205]
2024-10-03 13:07:37,319 - DEBUG - packet number: [202, 203, 204, 205]
2024-10-03 13:07:37,319 - DEBUG - Recibi algo malo. Espero 201 pero tengo 202-205
2024-10-03 13:07:37,320 - INFO - Es duplicado 205
2024-10-03 13:07:37,320 - DEBUG - Longitud received packets: 5
2024-10-03 13:07:37,320 - DEBUG - Range start: 202
2024-10-03 13:07:37,320 - DEBUG - packet number: [202, 203, 204, 205, 206]
2024-10-03 13:07:37,320 - DEBUG - packet number: [202, 203, 204, 205, 206]
2024-10-03 13:07:37,321 - DEBUG - packet number: [202, 203, 204, 205, 206]
2024-10-03 13:07:37,321 - DEBUG - packet number: [202, 203, 204, 205, 206]
2024-10-03 13:07:37,321 - DEBUG - Recibi algo malo. Espero 201 pero tengo 202-206
2024-10-03 13:07:37,321 - INFO - Es duplicado 206
2024-10-03 13:07:37,322 - DEBUG - Longitud received packets: 6
2024-10-03 13:07:37,322 - DEBUG - Range start: 202
2024-10-03 13:07:37,333 - DEBUG - packet number: [202, 203, 204, 205, 206, 207]
2024-10-03 13:07:37,334 - DEBUG - packet number: [202, 203, 204, 205, 206, 207]
2024-10-03 13:07:37,334 - DEBUG - packet number: [202, 203, 204, 205, 206, 207]
2024-10-03 13:07:37,334 - DEBUG - packet number: [202, 203, 204, 205, 206, 207]
2024-10-03 13:07:37,334 - DEBUG - packet number: [202, 203, 204, 205, 206, 207]
2024-10-03 13:07:37,334 - DEBUG - Recibi algo malo. Espero 201 pero tengo 202-207
2024-10-03 13:07:37,336 - INFO - Es duplicado 207
2024-10-03 13:07:37,385 - DEBUG - Longitud received packets: 7
2024-10-03 13:07:37,422 - DEBUG - Range start: 202
2024-10-03 13:07:37,423 - DEBUG - packet number: [202, 203, 204, 205, 206, 207, 208]
2024-10-03 13:07:37,425 - DEBUG - packet number: [202, 203, 204, 205, 206, 207, 208]
2024-10-03 13:07:37,430 - DEBUG - packet number: [202, 203, 204, 205, 206, 207, 208]
2024-10-03 13:07:37,430 - DEBUG - packet number: [202, 203, 204, 205, 206, 207, 208]
2024-10-03 13:07:37,432 - DEBUG - packet number: [202, 203, 204, 205, 206, 207, 208]
2024-10-03 13:07:37,432 - DEBUG - packet number: [202, 203, 204, 205, 206, 207, 208]
2024-10-03 13:07:37,432 - DEBUG - Recibi algo malo. Espero 201 pero tengo 202-208
2024-10-03 13:07:37,433 - INFO - Es duplicado 208
2024-10-03 13:07:37,433 - DEBUG - Longitud received packets: 8
2024-10-03 13:07:37,433 - DEBUG - Range start: 202
2024-10-03 13:07:37,433 - DEBUG - packet number: [202, 203, 204, 205, 206, 207, 208, 209]
2024-10-03 13:07:37,433 - DEBUG - packet number: [202, 203, 204, 205, 206, 207, 208, 209]
2024-10-03 13:07:37,438 - DEBUG - packet number: [202, 203, 204, 205, 206, 207, 208, 209]
2024-10-03 13:07:37,438 - DEBUG - packet number: [202, 203, 204, 205, 206, 207, 208, 209]
2024-10-03 13:07:37,438 - DEBUG - packet number: [202, 203, 204, 205, 206, 207, 208, 209]
2024-10-03 13:07:37,438 - DEBUG - packet number: [202, 203, 204, 205, 206, 207, 208, 209]
2024-10-03 13:07:37,439 - DEBUG - packet number: [202, 203, 204, 205, 206, 207, 208, 209]
2024-10-03 13:07:37,439 - DEBUG - Recibi algo malo. Espero 201 pero tengo 202-209
2024-10-03 13:07:37,439 - INFO - Es duplicado 209
2024-10-03 13:07:37,440 - DEBUG - Longitud received packets: 9
2024-10-03 13:07:37,440 - DEBUG - Range start: 202
2024-10-03 13:07:37,440 - DEBUG - packet number: [202, 203, 204, 205, 206, 207, 208, 209, 210]
2024-10-03 13:07:37,440 - DEBUG - packet number: [202, 203, 204, 205, 206, 207, 208, 209, 210]
2024-10-03 13:07:37,440 - DEBUG - packet number: [202, 203, 204, 205, 206, 207, 208, 209, 210]
2024-10-03 13:07:37,440 - DEBUG - packet number: [202, 203, 204, 205, 206, 207, 208, 209, 210]
2024-10-03 13:07:37,440 - DEBUG - packet number: [202, 203, 204, 205, 206, 207, 208, 209, 210]
2024-10-03 13:07:37,440 - DEBUG - packet number: [202, 203, 204, 205, 206, 207, 208, 209, 210]
2024-10-03 13:07:37,441 - DEBUG - packet number: [202, 203, 204, 205, 206, 207, 208, 209, 210]
2024-10-03 13:07:37,441 - DEBUG - packet number: [202, 203, 204, 205, 206, 207, 208, 209, 210]
2024-10-03 13:07:37,441 - DEBUG - Recibi algo malo. Espero 201 pero tengo 202-210
2024-10-03 13:07:37,442 - INFO - Es duplicado 210
2024-10-03 13:07:37,445 - DEBUG - Ultimo recibido: 210
2024-10-03 13:07:37,445 - INFO - Es duplicado 201
2024-10-03 13:07:37,445 - DEBUG - Ultimo recibido: 211
2024-10-03 13:07:37,445 - INFO - Es duplicado 211
2024-10-03 13:07:37,446 - INFO - Es duplicado 201
2024-10-03 13:07:37,446 - DEBUG - Ultimo recibido: 212
2024-10-03 13:07:37,446 - INFO - Es duplicado 212
2024-10-03 13:07:37,446 - DEBUG - Ultimo recibido: 213
2024-10-03 13:07:37,448 - INFO - Es duplicado 213
2024-10-03 13:07:37,453 - INFO - Es duplicado 201
2024-10-03 13:07:37,469 - INFO - Es duplicado 201
2024-10-03 13:07:37,520 - INFO - Es duplicado 201
2024-10-03 13:07:37,521 - INFO - Es duplicado 201
2024-10-03 13:07:37,521 - INFO - Es duplicado 201
2024-10-03 13:07:37,543 - INFO - Es duplicado 201
2024-10-03 13:07:37,551 - DEBUG - Ultimo recibido: 214
2024-10-03 13:07:37,552 - INFO - Es duplicado 214
2024-10-03 13:07:37,562 - DEBUG - Ultimo recibido: 215
2024-10-03 13:07:37,566 - INFO - Es duplicado 215
2024-10-03 13:07:37,569 - DEBUG - Ultimo recibido: 216
2024-10-03 13:07:37,570 - INFO - Es duplicado 216
2024-10-03 13:07:37,583 - DEBUG - Ultimo recibido: 217
2024-10-03 13:07:37,584 - INFO - Es duplicado 217
2024-10-03 13:07:37,588 - DEBUG - Ultimo recibido: 218
2024-10-03 13:07:37,590 - INFO - Es duplicado 218
2024-10-03 13:07:37,602 - DEBUG - Ultimo recibido: 219
2024-10-03 13:07:37,602 - INFO - Es duplicado 219
2024-10-03 13:07:37,604 - INFO - Es duplicado 201
2024-10-03 13:07:37,605 - DEBUG - Ultimo recibido: 220
2024-10-03 13:07:37,605 - INFO - Es duplicado 220
2024-10-03 13:07:37,650 - DEBUG - Ultimo recibido: 221
2024-10-03 13:07:37,650 - INFO - Es duplicado 221
2024-10-03 13:07:37,650 - DEBUG - Ultimo recibido: 222
2024-10-03 13:07:37,651 - INFO - Es duplicado 222
2024-10-03 13:07:37,651 - DEBUG - Ultimo recibido: 223
2024-10-03 13:07:37,652 - INFO - Es duplicado 223
2024-10-03 13:07:37,652 - DEBUG - Ultimo recibido: 224
2024-10-03 13:07:37,652 - INFO - Es duplicado 224
2024-10-03 13:07:37,653 - DEBUG - Ultimo recibido: 225
2024-10-03 13:07:37,653 - INFO - Es duplicado 225
2024-10-03 13:07:37,653 - DEBUG - Ultimo recibido: 226
2024-10-03 13:07:37,653 - INFO - Es duplicado 226
2024-10-03 13:07:37,653 - DEBUG - Ultimo recibido: 227
2024-10-03 13:07:37,653 - INFO - Es duplicado 227
2024-10-03 13:07:37,654 - DEBUG - Ultimo recibido: 228
2024-10-03 13:07:37,654 - INFO - Es duplicado 228
2024-10-03 13:07:37,654 - DEBUG - Ultimo recibido: 229
2024-10-03 13:07:37,654 - INFO - Es duplicado 229
2024-10-03 13:07:37,662 - DEBUG - Ultimo recibido: 230
2024-10-03 13:07:37,662 - INFO - Es duplicado 230
2024-10-03 13:07:37,720 - DEBUG - Ultimo recibido: 231
2024-10-03 13:07:37,720 - INFO - Es duplicado 231
2024-10-03 13:07:37,721 - DEBUG - Ultimo recibido: 232
2024-10-03 13:07:37,721 - INFO - Es duplicado 232
2024-10-03 13:07:37,728 - DEBUG - Ultimo recibido: 233
2024-10-03 13:07:37,729 - INFO - Es duplicado 233
2024-10-03 13:07:37,729 - DEBUG - Ultimo recibido: 234
2024-10-03 13:07:37,729 - INFO - Es duplicado 234
2024-10-03 13:07:37,730 - DEBUG - Ultimo recibido: 235
2024-10-03 13:07:37,730 - INFO - Es duplicado 235
2024-10-03 13:07:37,772 - DEBUG - Ultimo recibido: 236
2024-10-03 13:07:37,772 - INFO - Es duplicado 236
2024-10-03 13:07:37,772 - DEBUG - Ultimo recibido: 237
2024-10-03 13:07:37,772 - INFO - Es duplicado 237
2024-10-03 13:07:37,773 - DEBUG - Ultimo recibido: 238
2024-10-03 13:07:37,773 - INFO - Es duplicado 238
2024-10-03 13:07:37,773 - DEBUG - Ultimo recibido: 239
2024-10-03 13:07:37,773 - INFO - Es duplicado 239
2024-10-03 13:07:37,774 - DEBUG - Ultimo recibido: 240
2024-10-03 13:07:37,774 - INFO - Es duplicado 240
2024-10-03 13:07:37,777 - DEBUG - Ultimo recibido: 241
2024-10-03 13:07:37,779 - INFO - Es duplicado 241
2024-10-03 13:07:37,781 - DEBUG - Ultimo recibido: 242
2024-10-03 13:07:37,782 - INFO - Es duplicado 242
2024-10-03 13:07:37,783 - DEBUG - Ultimo recibido: 243
2024-10-03 13:07:37,785 - INFO - Es duplicado 243
2024-10-03 13:07:37,785 - DEBUG - Ultimo recibido: 244
2024-10-03 13:07:37,785 - INFO - Es duplicado 244
2024-10-03 13:07:37,786 - DEBUG - Ultimo recibido: 245
2024-10-03 13:07:37,786 - INFO - Es duplicado 245
2024-10-03 13:07:37,786 - DEBUG - Ultimo recibido: 246
2024-10-03 13:07:37,786 - INFO - Es duplicado 246
2024-10-03 13:07:37,789 - DEBUG - Ultimo recibido: 247
2024-10-03 13:07:37,793 - INFO - Es duplicado 247
2024-10-03 13:07:37,795 - DEBUG - Ultimo recibido: 248
2024-10-03 13:07:37,796 - INFO - Es duplicado 248
2024-10-03 13:07:37,796 - DEBUG - Ultimo recibido: 249
2024-10-03 13:07:37,797 - INFO - Es duplicado 249
2024-10-03 13:07:37,799 - DEBUG - Ultimo recibido: 250
2024-10-03 13:07:37,800 - INFO - Es duplicado 250
2024-10-03 13:07:37,802 - DEBUG - Ultimo recibido: 251
2024-10-03 13:07:37,802 - INFO - Es duplicado 251
2024-10-03 13:07:37,804 - DEBUG - Señal de fin de archivo recibida, terminando recepción.
2024-10-03 13:07:37,804 - INFO - Archivo recibido correctamente en ./client_storage/enunciado.pdf
2024-10-03 13:07:37,808 - INFO - Archivo guardado en ./client_storage/enunciado.pdf
