2024-10-03 10:35:00,282 - INFO - Enviando código de descarga download
2024-10-03 10:35:00,282 - INFO - Recibiendo archivo en ./client_storage/enunciado.pdf desde ('127.0.0.1', 3000)
2024-10-03 10:35:00,285 - DEBUG - Ultimo recibido: 1
2024-10-03 10:35:00,286 - INFO - Es duplicado 1
2024-10-03 10:35:00,286 - DEBUG - Ultimo recibido: 2
2024-10-03 10:35:00,286 - INFO - Es duplicado 2
2024-10-03 10:35:00,287 - DEBUG - Ultimo recibido: 3
2024-10-03 10:35:00,288 - INFO - Es duplicado 3
2024-10-03 10:35:00,290 - DEBUG - Ultimo recibido: 4
2024-10-03 10:35:00,293 - INFO - Es duplicado 4
2024-10-03 10:35:00,294 - DEBUG - Ultimo recibido: 5
2024-10-03 10:35:00,294 - INFO - Es duplicado 5
2024-10-03 10:35:00,294 - DEBUG - Ultimo recibido: 6
2024-10-03 10:35:00,294 - INFO - Es duplicado 6
2024-10-03 10:35:00,295 - DEBUG - Ultimo recibido: 7
2024-10-03 10:35:00,295 - INFO - Es duplicado 7
2024-10-03 10:35:00,296 - DEBUG - Ultimo recibido: 8
2024-10-03 10:35:00,299 - INFO - Es duplicado 8
2024-10-03 10:35:00,300 - DEBUG - Ultimo recibido: 9
2024-10-03 10:35:00,300 - INFO - Es duplicado 9
2024-10-03 10:35:00,301 - DEBUG - Ultimo recibido: 10
2024-10-03 10:35:00,301 - INFO - Es duplicado 10
2024-10-03 10:35:00,308 - DEBUG - Ultimo recibido: 11
2024-10-03 10:35:00,309 - INFO - Es duplicado 11
2024-10-03 10:35:00,309 - DEBUG - Ultimo recibido: 12
2024-10-03 10:35:00,309 - INFO - Es duplicado 12
2024-10-03 10:35:00,321 - DEBUG - Ultimo recibido: 13
2024-10-03 10:35:00,321 - INFO - Es duplicado 13
2024-10-03 10:35:00,322 - DEBUG - Ultimo recibido: 14
2024-10-03 10:35:00,322 - INFO - Es duplicado 14
2024-10-03 10:35:00,322 - DEBUG - Ultimo recibido: 15
2024-10-03 10:35:00,323 - INFO - Es duplicado 15
2024-10-03 10:35:00,329 - DEBUG - Ultimo recibido: 16
2024-10-03 10:35:00,331 - INFO - Es duplicado 16
2024-10-03 10:35:00,332 - DEBUG - Ultimo recibido: 17
2024-10-03 10:35:00,332 - INFO - Es duplicado 17
2024-10-03 10:35:00,334 - DEBUG - Ultimo recibido: 18
2024-10-03 10:35:00,340 - INFO - Es duplicado 18
2024-10-03 10:35:00,349 - DEBUG - Ultimo recibido: 19
2024-10-03 10:35:00,349 - INFO - Es duplicado 19
2024-10-03 10:35:00,354 - DEBUG - Ultimo recibido: 20
2024-10-03 10:35:00,356 - INFO - Es duplicado 20
2024-10-03 10:35:00,376 - DEBUG - Ultimo recibido: 21
2024-10-03 10:35:00,376 - INFO - Es duplicado 21
2024-10-03 10:35:00,377 - DEBUG - Ultimo recibido: 22
2024-10-03 10:35:00,377 - INFO - Es duplicado 22
2024-10-03 10:35:00,379 - DEBUG - Ultimo recibido: 23
2024-10-03 10:35:00,379 - INFO - Es duplicado 23
2024-10-03 10:35:00,381 - DEBUG - Ultimo recibido: 24
2024-10-03 10:35:00,396 - INFO - Es duplicado 24
2024-10-03 10:35:00,397 - DEBUG - Ultimo recibido: 25
2024-10-03 10:35:00,397 - INFO - Es duplicado 25
2024-10-03 10:35:00,397 - DEBUG - Ultimo recibido: 26
2024-10-03 10:35:00,398 - INFO - Es duplicado 26
2024-10-03 10:35:00,399 - DEBUG - Ultimo recibido: 27
2024-10-03 10:35:00,399 - INFO - Es duplicado 27
2024-10-03 10:35:00,399 - DEBUG - Ultimo recibido: 28
2024-10-03 10:35:00,399 - INFO - Es duplicado 28
2024-10-03 10:35:00,400 - DEBUG - Ultimo recibido: 29
2024-10-03 10:35:00,400 - INFO - Es duplicado 29
2024-10-03 10:35:00,452 - DEBUG - Ultimo recibido: 30
2024-10-03 10:35:00,454 - INFO - Es duplicado 30
2024-10-03 10:35:00,470 - DEBUG - Ultimo recibido: 31
2024-10-03 10:35:00,471 - INFO - Es duplicado 31
2024-10-03 10:35:00,472 - DEBUG - Ultimo recibido: 32
2024-10-03 10:35:00,472 - INFO - Es duplicado 32
2024-10-03 10:35:00,474 - DEBUG - Ultimo recibido: 33
2024-10-03 10:35:00,474 - INFO - Es duplicado 33
2024-10-03 10:35:00,475 - DEBUG - Ultimo recibido: 34
2024-10-03 10:35:00,475 - INFO - Es duplicado 34
2024-10-03 10:35:00,475 - DEBUG - Ultimo recibido: 35
2024-10-03 10:35:00,475 - INFO - Es duplicado 35
2024-10-03 10:35:00,475 - DEBUG - Ultimo recibido: 36
2024-10-03 10:35:00,476 - INFO - Es duplicado 36
2024-10-03 10:35:00,481 - DEBUG - Ultimo recibido: 37
2024-10-03 10:35:00,481 - INFO - Es duplicado 37
2024-10-03 10:35:00,481 - DEBUG - Ultimo recibido: 38
2024-10-03 10:35:00,487 - INFO - Es duplicado 38
2024-10-03 10:35:00,488 - DEBUG - Ultimo recibido: 39
2024-10-03 10:35:00,488 - INFO - Es duplicado 39
2024-10-03 10:35:00,488 - DEBUG - Ultimo recibido: 40
2024-10-03 10:35:00,489 - INFO - Es duplicado 40
2024-10-03 10:35:00,498 - DEBUG - Ultimo recibido: 41
2024-10-03 10:35:00,498 - INFO - Es duplicado 41
2024-10-03 10:35:00,499 - DEBUG - Ultimo recibido: 42
2024-10-03 10:35:00,499 - INFO - Es duplicado 42
2024-10-03 10:35:00,499 - DEBUG - Ultimo recibido: 43
2024-10-03 10:35:00,499 - INFO - Es duplicado 43
2024-10-03 10:35:00,499 - DEBUG - Ultimo recibido: 44
2024-10-03 10:35:00,501 - INFO - Es duplicado 44
2024-10-03 10:35:00,501 - DEBUG - Ultimo recibido: 45
2024-10-03 10:35:00,501 - INFO - Es duplicado 45
2024-10-03 10:35:00,501 - DEBUG - Ultimo recibido: 46
2024-10-03 10:35:00,501 - INFO - Es duplicado 46
2024-10-03 10:35:00,502 - DEBUG - Ultimo recibido: 47
2024-10-03 10:35:00,502 - INFO - Es duplicado 47
2024-10-03 10:35:00,502 - DEBUG - Ultimo recibido: 48
2024-10-03 10:35:00,505 - INFO - Es duplicado 48
2024-10-03 10:35:00,505 - DEBUG - Ultimo recibido: 49
2024-10-03 10:35:00,505 - INFO - Es duplicado 49
2024-10-03 10:35:00,506 - DEBUG - Ultimo recibido: 50
2024-10-03 10:35:00,514 - INFO - Es duplicado 50
2024-10-03 10:35:00,547 - DEBUG - Ultimo recibido: 51
2024-10-03 10:35:00,548 - INFO - Es duplicado 51
2024-10-03 10:35:00,549 - DEBUG - Ultimo recibido: 52
2024-10-03 10:35:00,549 - INFO - Es duplicado 52
2024-10-03 10:35:00,550 - DEBUG - Ultimo recibido: 53
2024-10-03 10:35:00,550 - INFO - Es duplicado 53
2024-10-03 10:35:00,550 - DEBUG - Ultimo recibido: 54
2024-10-03 10:35:00,551 - INFO - Es duplicado 54
2024-10-03 10:35:00,551 - DEBUG - Ultimo recibido: 55
2024-10-03 10:35:00,551 - INFO - Es duplicado 55
2024-10-03 10:35:00,551 - DEBUG - Ultimo recibido: 56
2024-10-03 10:35:00,551 - INFO - Es duplicado 56
2024-10-03 10:35:00,552 - DEBUG - Ultimo recibido: 57
2024-10-03 10:35:00,552 - INFO - Es duplicado 57
2024-10-03 10:35:00,553 - DEBUG - Ultimo recibido: 58
2024-10-03 10:35:00,556 - INFO - Es duplicado 58
2024-10-03 10:35:00,556 - DEBUG - Ultimo recibido: 59
2024-10-03 10:35:00,557 - INFO - Es duplicado 59
2024-10-03 10:35:00,557 - DEBUG - Ultimo recibido: 60
2024-10-03 10:35:00,557 - INFO - Es duplicado 60
2024-10-03 10:35:00,558 - DEBUG - Ultimo recibido: 61
2024-10-03 10:35:00,558 - INFO - Es duplicado 61
2024-10-03 10:35:00,564 - DEBUG - Ultimo recibido: 62
2024-10-03 10:35:00,565 - INFO - Es duplicado 62
2024-10-03 10:35:00,578 - DEBUG - Ultimo recibido: 63
2024-10-03 10:35:00,578 - INFO - Es duplicado 63
2024-10-03 10:35:00,588 - DEBUG - Ultimo recibido: 64
2024-10-03 10:35:00,589 - INFO - Es duplicado 64
2024-10-03 10:35:00,589 - DEBUG - Ultimo recibido: 65
2024-10-03 10:35:00,590 - INFO - Es duplicado 65
2024-10-03 10:35:00,591 - DEBUG - Ultimo recibido: 66
2024-10-03 10:35:00,597 - INFO - Es duplicado 66
2024-10-03 10:35:00,597 - DEBUG - Ultimo recibido: 67
2024-10-03 10:35:00,598 - INFO - Es duplicado 67
2024-10-03 10:35:00,600 - DEBUG - Ultimo recibido: 68
2024-10-03 10:35:00,601 - INFO - Es duplicado 68
2024-10-03 10:35:00,601 - DEBUG - Ultimo recibido: 69
2024-10-03 10:35:00,604 - INFO - Es duplicado 69
2024-10-03 10:35:00,605 - DEBUG - Ultimo recibido: 70
2024-10-03 10:35:00,606 - INFO - Es duplicado 70
2024-10-03 10:35:00,606 - DEBUG - Ultimo recibido: 71
2024-10-03 10:35:00,607 - INFO - Es duplicado 71
2024-10-03 10:35:00,608 - DEBUG - Ultimo recibido: 72
2024-10-03 10:35:00,632 - INFO - Es duplicado 72
2024-10-03 10:35:00,653 - DEBUG - Ultimo recibido: 73
2024-10-03 10:35:00,658 - INFO - Es duplicado 73
2024-10-03 10:35:00,660 - DEBUG - Ultimo recibido: 74
2024-10-03 10:35:00,666 - INFO - Es duplicado 74
2024-10-03 10:35:00,674 - DEBUG - Ultimo recibido: 75
2024-10-03 10:35:00,674 - INFO - Es duplicado 75
2024-10-03 10:35:00,675 - DEBUG - Ultimo recibido: 76
2024-10-03 10:35:00,675 - INFO - Es duplicado 76
2024-10-03 10:35:00,676 - DEBUG - Ultimo recibido: 77
2024-10-03 10:35:00,677 - INFO - Es duplicado 77
2024-10-03 10:35:00,678 - DEBUG - Ultimo recibido: 78
2024-10-03 10:35:00,679 - INFO - Es duplicado 78
2024-10-03 10:35:00,682 - DEBUG - Ultimo recibido: 79
2024-10-03 10:35:00,690 - INFO - Es duplicado 79
2024-10-03 10:35:00,691 - DEBUG - Ultimo recibido: 80
2024-10-03 10:35:00,693 - INFO - Es duplicado 80
2024-10-03 10:35:00,694 - DEBUG - Ultimo recibido: 81
2024-10-03 10:35:00,695 - INFO - Es duplicado 81
2024-10-03 10:35:00,695 - DEBUG - Ultimo recibido: 82
2024-10-03 10:35:00,695 - INFO - Es duplicado 82
2024-10-03 10:35:00,695 - DEBUG - Ultimo recibido: 83
2024-10-03 10:35:00,698 - INFO - Es duplicado 83
2024-10-03 10:35:00,699 - DEBUG - Ultimo recibido: 84
2024-10-03 10:35:00,700 - INFO - Es duplicado 84
2024-10-03 10:35:00,701 - DEBUG - Ultimo recibido: 85
2024-10-03 10:35:00,701 - INFO - Es duplicado 85
2024-10-03 10:35:00,702 - DEBUG - Ultimo recibido: 86
2024-10-03 10:35:00,702 - INFO - Es duplicado 86
2024-10-03 10:35:00,702 - DEBUG - Ultimo recibido: 87
2024-10-03 10:35:00,705 - INFO - Es duplicado 87
2024-10-03 10:35:00,717 - DEBUG - Ultimo recibido: 88
2024-10-03 10:35:00,718 - INFO - Es duplicado 88
2024-10-03 10:35:00,732 - DEBUG - Ultimo recibido: 89
2024-10-03 10:35:00,732 - INFO - Es duplicado 89
2024-10-03 10:35:00,738 - DEBUG - Ultimo recibido: 90
2024-10-03 10:35:00,739 - INFO - Es duplicado 90
2024-10-03 10:35:00,742 - DEBUG - Ultimo recibido: 91
2024-10-03 10:35:00,742 - INFO - Es duplicado 91
2024-10-03 10:35:00,748 - DEBUG - Ultimo recibido: 92
2024-10-03 10:35:00,748 - INFO - Es duplicado 92
2024-10-03 10:35:00,945 - DEBUG - Ultimo recibido: 93
2024-10-03 10:35:00,946 - INFO - Es duplicado 93
2024-10-03 10:35:00,946 - DEBUG - Ultimo recibido: 94
2024-10-03 10:35:00,946 - INFO - Es duplicado 94
2024-10-03 10:35:00,947 - DEBUG - Ultimo recibido: 95
2024-10-03 10:35:00,947 - INFO - Es duplicado 95
2024-10-03 10:35:00,947 - DEBUG - Ultimo recibido: 96
2024-10-03 10:35:00,948 - INFO - Es duplicado 96
2024-10-03 10:35:00,948 - DEBUG - Ultimo recibido: 97
2024-10-03 10:35:00,949 - INFO - Es duplicado 97
2024-10-03 10:35:00,950 - DEBUG - Ultimo recibido: 98
2024-10-03 10:35:00,950 - INFO - Es duplicado 98
2024-10-03 10:35:00,951 - DEBUG - Ultimo recibido: 99
2024-10-03 10:35:00,952 - INFO - Es duplicado 99
2024-10-03 10:35:00,953 - DEBUG - Ultimo recibido: 100
2024-10-03 10:35:00,954 - INFO - Es duplicado 100
2024-10-03 10:35:00,955 - DEBUG - Ultimo recibido: 101
2024-10-03 10:35:00,955 - INFO - Es duplicado 101
2024-10-03 10:35:00,955 - DEBUG - Ultimo recibido: 102
2024-10-03 10:35:00,955 - INFO - Es duplicado 102
2024-10-03 10:35:00,958 - DEBUG - Ultimo recibido: 103
2024-10-03 10:35:00,965 - INFO - Es duplicado 103
2024-10-03 10:35:00,997 - DEBUG - Ultimo recibido: 104
2024-10-03 10:35:01,002 - INFO - Es duplicado 104
2024-10-03 10:35:01,003 - DEBUG - Ultimo recibido: 105
2024-10-03 10:35:01,003 - INFO - Es duplicado 105
2024-10-03 10:35:01,003 - DEBUG - Ultimo recibido: 106
2024-10-03 10:35:01,003 - INFO - Es duplicado 106
2024-10-03 10:35:01,004 - DEBUG - Ultimo recibido: 107
2024-10-03 10:35:01,004 - INFO - Es duplicado 107
2024-10-03 10:35:01,004 - DEBUG - Ultimo recibido: 108
2024-10-03 10:35:01,006 - INFO - Es duplicado 108
2024-10-03 10:35:01,007 - DEBUG - Ultimo recibido: 109
2024-10-03 10:35:01,007 - INFO - Es duplicado 109
2024-10-03 10:35:01,008 - DEBUG - Ultimo recibido: 110
2024-10-03 10:35:01,008 - INFO - Es duplicado 110
2024-10-03 10:35:01,008 - DEBUG - Ultimo recibido: 111
2024-10-03 10:35:01,009 - INFO - Es duplicado 111
2024-10-03 10:35:01,014 - DEBUG - Ultimo recibido: 112
2024-10-03 10:35:01,014 - INFO - Es duplicado 112
2024-10-03 10:35:01,014 - DEBUG - Ultimo recibido: 113
2024-10-03 10:35:01,015 - INFO - Es duplicado 113
2024-10-03 10:35:01,018 - DEBUG - Ultimo recibido: 114
2024-10-03 10:35:01,029 - INFO - Es duplicado 114
2024-10-03 10:35:01,047 - DEBUG - Ultimo recibido: 115
2024-10-03 10:35:01,050 - INFO - Es duplicado 115
2024-10-03 10:35:01,061 - DEBUG - Ultimo recibido: 116
2024-10-03 10:35:01,062 - INFO - Es duplicado 116
2024-10-03 10:35:01,062 - DEBUG - Ultimo recibido: 117
2024-10-03 10:35:01,069 - INFO - Es duplicado 117
2024-10-03 10:35:01,211 - DEBUG - Ultimo recibido: 118
2024-10-03 10:35:01,212 - INFO - Es duplicado 118
2024-10-03 10:35:01,212 - DEBUG - Ultimo recibido: 119
2024-10-03 10:35:01,219 - INFO - Es duplicado 119
2024-10-03 10:35:01,221 - DEBUG - Ultimo recibido: 120
2024-10-03 10:35:01,221 - INFO - Es duplicado 120
2024-10-03 10:35:01,222 - DEBUG - Ultimo recibido: 121
2024-10-03 10:35:01,227 - INFO - Es duplicado 121
2024-10-03 10:35:01,228 - DEBUG - Ultimo recibido: 122
2024-10-03 10:35:01,228 - INFO - Es duplicado 122
2024-10-03 10:35:01,234 - DEBUG - Ultimo recibido: 123
2024-10-03 10:35:01,235 - INFO - Es duplicado 123
2024-10-03 10:35:01,236 - DEBUG - Ultimo recibido: 124
2024-10-03 10:35:01,237 - INFO - Es duplicado 124
2024-10-03 10:35:01,237 - DEBUG - Ultimo recibido: 125
2024-10-03 10:35:01,238 - INFO - Es duplicado 125
2024-10-03 10:35:01,238 - DEBUG - Ultimo recibido: 126
2024-10-03 10:35:01,239 - INFO - Es duplicado 126
2024-10-03 10:35:01,239 - DEBUG - Ultimo recibido: 127
2024-10-03 10:35:01,245 - INFO - Es duplicado 127
2024-10-03 10:35:01,249 - DEBUG - Ultimo recibido: 128
2024-10-03 10:35:01,252 - INFO - Es duplicado 128
2024-10-03 10:35:01,254 - DEBUG - Ultimo recibido: 129
2024-10-03 10:35:01,254 - INFO - Es duplicado 129
2024-10-03 10:35:01,257 - DEBUG - Ultimo recibido: 130
2024-10-03 10:35:01,260 - INFO - Es duplicado 130
2024-10-03 10:35:01,261 - DEBUG - Ultimo recibido: 131
2024-10-03 10:35:01,262 - INFO - Es duplicado 131
2024-10-03 10:35:01,264 - DEBUG - Ultimo recibido: 132
2024-10-03 10:35:01,266 - INFO - Es duplicado 132
2024-10-03 10:35:01,272 - DEBUG - Ultimo recibido: 133
2024-10-03 10:35:01,273 - INFO - Es duplicado 133
2024-10-03 10:35:01,274 - DEBUG - Ultimo recibido: 134
2024-10-03 10:35:01,274 - INFO - Es duplicado 134
2024-10-03 10:35:01,275 - DEBUG - Ultimo recibido: 135
2024-10-03 10:35:01,277 - INFO - Es duplicado 135
2024-10-03 10:35:01,280 - DEBUG - Ultimo recibido: 136
2024-10-03 10:35:01,281 - INFO - Es duplicado 136
2024-10-03 10:35:01,281 - DEBUG - Ultimo recibido: 137
2024-10-03 10:35:01,281 - INFO - Es duplicado 137
2024-10-03 10:35:01,282 - DEBUG - Ultimo recibido: 138
2024-10-03 10:35:01,282 - INFO - Es duplicado 138
2024-10-03 10:35:01,282 - DEBUG - Ultimo recibido: 139
2024-10-03 10:35:01,282 - INFO - Es duplicado 139
2024-10-03 10:35:01,286 - DEBUG - Ultimo recibido: 140
2024-10-03 10:35:01,287 - INFO - Es duplicado 140
2024-10-03 10:35:01,288 - DEBUG - Ultimo recibido: 141
2024-10-03 10:35:01,288 - INFO - Es duplicado 141
2024-10-03 10:35:01,289 - DEBUG - Ultimo recibido: 142
2024-10-03 10:35:01,289 - INFO - Es duplicado 142
2024-10-03 10:35:01,289 - DEBUG - Ultimo recibido: 143
2024-10-03 10:35:01,290 - INFO - Es duplicado 143
2024-10-03 10:35:01,295 - DEBUG - Ultimo recibido: 144
2024-10-03 10:35:01,296 - INFO - Es duplicado 144
2024-10-03 10:35:01,296 - DEBUG - Ultimo recibido: 145
2024-10-03 10:35:01,297 - INFO - Es duplicado 145
2024-10-03 10:35:01,297 - DEBUG - Ultimo recibido: 146
2024-10-03 10:35:01,298 - INFO - Es duplicado 146
2024-10-03 10:35:01,298 - DEBUG - Ultimo recibido: 147
2024-10-03 10:35:01,298 - INFO - Es duplicado 147
2024-10-03 10:35:01,298 - DEBUG - Ultimo recibido: 148
2024-10-03 10:35:01,298 - INFO - Es duplicado 148
2024-10-03 10:35:01,299 - DEBUG - Ultimo recibido: 149
2024-10-03 10:35:01,299 - INFO - Es duplicado 149
2024-10-03 10:35:01,299 - DEBUG - Ultimo recibido: 150
2024-10-03 10:35:01,300 - INFO - Es duplicado 150
2024-10-03 10:35:01,300 - DEBUG - Ultimo recibido: 151
2024-10-03 10:35:01,301 - INFO - Es duplicado 151
2024-10-03 10:35:01,304 - DEBUG - Ultimo recibido: 152
2024-10-03 10:35:01,305 - INFO - Es duplicado 152
2024-10-03 10:35:01,305 - DEBUG - Ultimo recibido: 153
2024-10-03 10:35:01,305 - INFO - Es duplicado 153
2024-10-03 10:35:01,306 - DEBUG - Ultimo recibido: 154
2024-10-03 10:35:01,314 - INFO - Es duplicado 154
2024-10-03 10:35:01,315 - DEBUG - Ultimo recibido: 155
2024-10-03 10:35:01,315 - INFO - Es duplicado 155
2024-10-03 10:35:01,316 - DEBUG - Ultimo recibido: 156
2024-10-03 10:35:01,316 - INFO - Es duplicado 156
2024-10-03 10:35:01,316 - DEBUG - Ultimo recibido: 157
2024-10-03 10:35:01,489 - INFO - Es duplicado 157
2024-10-03 10:35:01,492 - DEBUG - Ultimo recibido: 158
2024-10-03 10:35:01,496 - INFO - Es duplicado 158
2024-10-03 10:35:01,497 - DEBUG - Ultimo recibido: 159
2024-10-03 10:35:01,498 - INFO - Es duplicado 159
2024-10-03 10:35:01,499 - DEBUG - Ultimo recibido: 160
2024-10-03 10:35:01,499 - INFO - Es duplicado 160
2024-10-03 10:35:01,500 - DEBUG - Ultimo recibido: 161
2024-10-03 10:35:01,501 - INFO - Es duplicado 161
2024-10-03 10:35:01,501 - DEBUG - Ultimo recibido: 162
2024-10-03 10:35:01,501 - INFO - Es duplicado 162
2024-10-03 10:35:01,503 - DEBUG - Ultimo recibido: 163
2024-10-03 10:35:01,504 - INFO - Es duplicado 163
2024-10-03 10:35:01,504 - DEBUG - Ultimo recibido: 164
2024-10-03 10:35:01,504 - INFO - Es duplicado 164
2024-10-03 10:35:01,504 - DEBUG - Ultimo recibido: 165
2024-10-03 10:35:01,505 - INFO - Es duplicado 165
2024-10-03 10:35:01,506 - DEBUG - Ultimo recibido: 166
2024-10-03 10:35:01,510 - INFO - Es duplicado 166
2024-10-03 10:35:01,513 - DEBUG - Ultimo recibido: 167
2024-10-03 10:35:01,515 - INFO - Es duplicado 167
2024-10-03 10:35:01,622 - DEBUG - Ultimo recibido: 168
2024-10-03 10:35:01,622 - INFO - Es duplicado 168
2024-10-03 10:35:01,626 - DEBUG - Ultimo recibido: 169
2024-10-03 10:35:01,626 - INFO - Es duplicado 169
2024-10-03 10:35:01,679 - DEBUG - Ultimo recibido: 170
2024-10-03 10:35:01,680 - INFO - Es duplicado 170
2024-10-03 10:35:01,685 - DEBUG - Ultimo recibido: 171
2024-10-03 10:35:01,685 - INFO - Es duplicado 171
2024-10-03 10:35:01,686 - DEBUG - Ultimo recibido: 172
2024-10-03 10:35:01,686 - INFO - Es duplicado 172
2024-10-03 10:35:01,686 - DEBUG - Ultimo recibido: 173
2024-10-03 10:35:01,687 - INFO - Es duplicado 173
2024-10-03 10:35:01,687 - DEBUG - Ultimo recibido: 174
2024-10-03 10:35:01,687 - INFO - Es duplicado 174
2024-10-03 10:35:01,687 - DEBUG - Ultimo recibido: 175
2024-10-03 10:35:01,688 - INFO - Es duplicado 175
2024-10-03 10:35:01,688 - DEBUG - Ultimo recibido: 176
2024-10-03 10:35:01,688 - INFO - Es duplicado 176
2024-10-03 10:35:01,688 - DEBUG - Ultimo recibido: 177
2024-10-03 10:35:01,688 - INFO - Es duplicado 177
2024-10-03 10:35:01,689 - DEBUG - Ultimo recibido: 178
2024-10-03 10:35:01,689 - INFO - Es duplicado 178
2024-10-03 10:35:01,689 - DEBUG - Ultimo recibido: 179
2024-10-03 10:35:01,690 - INFO - Es duplicado 179
2024-10-03 10:35:01,690 - DEBUG - Ultimo recibido: 180
2024-10-03 10:35:01,690 - INFO - Es duplicado 180
2024-10-03 10:35:01,754 - DEBUG - Ultimo recibido: 181
2024-10-03 10:35:01,754 - INFO - Es duplicado 181
2024-10-03 10:35:01,755 - DEBUG - Ultimo recibido: 182
2024-10-03 10:35:01,755 - INFO - Es duplicado 182
2024-10-03 10:35:01,755 - DEBUG - Ultimo recibido: 183
2024-10-03 10:35:01,756 - INFO - Es duplicado 183
2024-10-03 10:35:01,756 - DEBUG - Ultimo recibido: 184
2024-10-03 10:35:01,757 - INFO - Es duplicado 184
2024-10-03 10:35:01,758 - DEBUG - Ultimo recibido: 185
2024-10-03 10:35:01,759 - INFO - Es duplicado 185
2024-10-03 10:35:01,759 - DEBUG - Ultimo recibido: 186
2024-10-03 10:35:01,759 - INFO - Es duplicado 186
2024-10-03 10:35:01,759 - DEBUG - Ultimo recibido: 187
2024-10-03 10:35:01,760 - INFO - Es duplicado 187
2024-10-03 10:35:01,760 - DEBUG - Ultimo recibido: 188
2024-10-03 10:35:01,761 - INFO - Es duplicado 188
2024-10-03 10:35:01,761 - DEBUG - Ultimo recibido: 189
2024-10-03 10:35:01,761 - INFO - Es duplicado 189
2024-10-03 10:35:01,762 - DEBUG - Ultimo recibido: 190
2024-10-03 10:35:01,762 - INFO - Es duplicado 190
2024-10-03 10:35:01,762 - DEBUG - Ultimo recibido: 191
2024-10-03 10:35:01,764 - INFO - Es duplicado 191
2024-10-03 10:35:01,765 - DEBUG - Ultimo recibido: 192
2024-10-03 10:35:01,766 - INFO - Es duplicado 192
2024-10-03 10:35:01,766 - DEBUG - Ultimo recibido: 193
2024-10-03 10:35:01,766 - INFO - Es duplicado 193
2024-10-03 10:35:01,767 - DEBUG - Ultimo recibido: 194
2024-10-03 10:35:01,767 - INFO - Es duplicado 194
2024-10-03 10:35:01,767 - DEBUG - Ultimo recibido: 195
2024-10-03 10:35:01,767 - INFO - Es duplicado 195
2024-10-03 10:35:01,768 - DEBUG - Ultimo recibido: 196
2024-10-03 10:35:01,768 - INFO - Es duplicado 196
2024-10-03 10:35:01,769 - DEBUG - Ultimo recibido: 197
2024-10-03 10:35:01,769 - INFO - Es duplicado 197
2024-10-03 10:35:01,769 - DEBUG - Ultimo recibido: 198
2024-10-03 10:35:01,769 - INFO - Es duplicado 198
2024-10-03 10:35:01,770 - DEBUG - Ultimo recibido: 199
2024-10-03 10:35:01,770 - INFO - Es duplicado 199
2024-10-03 10:35:01,771 - DEBUG - Ultimo recibido: 200
2024-10-03 10:35:01,771 - INFO - Es duplicado 200
2024-10-03 10:35:01,772 - DEBUG - Ultimo recibido: 201
2024-10-03 10:35:01,772 - INFO - Es duplicado 201
2024-10-03 10:35:01,772 - DEBUG - Ultimo recibido: 202
2024-10-03 10:35:01,772 - INFO - Es duplicado 202
2024-10-03 10:35:01,773 - DEBUG - Ultimo recibido: 203
2024-10-03 10:35:01,773 - INFO - Es duplicado 203
2024-10-03 10:35:01,774 - DEBUG - Ultimo recibido: 204
2024-10-03 10:35:01,775 - INFO - Es duplicado 204
2024-10-03 10:35:01,775 - DEBUG - Ultimo recibido: 205
2024-10-03 10:35:01,776 - INFO - Es duplicado 205
2024-10-03 10:35:01,776 - DEBUG - Ultimo recibido: 206
2024-10-03 10:35:01,777 - INFO - Es duplicado 206
2024-10-03 10:35:01,777 - DEBUG - Ultimo recibido: 207
2024-10-03 10:35:01,778 - INFO - Es duplicado 207
2024-10-03 10:35:01,778 - DEBUG - Ultimo recibido: 208
2024-10-03 10:35:01,778 - INFO - Es duplicado 208
2024-10-03 10:35:01,779 - DEBUG - Ultimo recibido: 209
2024-10-03 10:35:01,779 - INFO - Es duplicado 209
2024-10-03 10:35:01,779 - DEBUG - Ultimo recibido: 210
2024-10-03 10:35:01,779 - INFO - Es duplicado 210
2024-10-03 10:35:01,779 - DEBUG - Ultimo recibido: 211
2024-10-03 10:35:01,780 - INFO - Es duplicado 211
2024-10-03 10:35:01,780 - DEBUG - Ultimo recibido: 212
2024-10-03 10:35:01,780 - INFO - Es duplicado 212
2024-10-03 10:35:01,781 - DEBUG - Ultimo recibido: 213
2024-10-03 10:35:01,782 - INFO - Es duplicado 213
2024-10-03 10:35:01,782 - DEBUG - Ultimo recibido: 214
2024-10-03 10:35:01,783 - INFO - Es duplicado 214
2024-10-03 10:35:01,784 - DEBUG - Ultimo recibido: 215
2024-10-03 10:35:01,787 - INFO - Es duplicado 215
2024-10-03 10:35:01,787 - DEBUG - Ultimo recibido: 216
2024-10-03 10:35:01,788 - INFO - Es duplicado 216
2024-10-03 10:35:01,788 - DEBUG - Ultimo recibido: 217
2024-10-03 10:35:01,789 - INFO - Es duplicado 217
2024-10-03 10:35:01,789 - DEBUG - Ultimo recibido: 218
2024-10-03 10:35:01,790 - INFO - Es duplicado 218
2024-10-03 10:35:01,790 - DEBUG - Ultimo recibido: 219
2024-10-03 10:35:01,791 - INFO - Es duplicado 219
2024-10-03 10:35:01,792 - DEBUG - Ultimo recibido: 220
2024-10-03 10:35:01,796 - INFO - Es duplicado 220
2024-10-03 10:35:01,797 - DEBUG - Ultimo recibido: 221
2024-10-03 10:35:01,797 - INFO - Es duplicado 221
2024-10-03 10:35:01,799 - DEBUG - Ultimo recibido: 222
2024-10-03 10:35:01,800 - INFO - Es duplicado 222
2024-10-03 10:35:01,800 - DEBUG - Ultimo recibido: 223
2024-10-03 10:35:01,801 - INFO - Es duplicado 223
2024-10-03 10:35:01,802 - DEBUG - Ultimo recibido: 224
2024-10-03 10:35:01,804 - INFO - Es duplicado 224
2024-10-03 10:35:01,805 - DEBUG - Ultimo recibido: 225
2024-10-03 10:35:01,805 - INFO - Es duplicado 225
2024-10-03 10:35:01,806 - DEBUG - Ultimo recibido: 226
2024-10-03 10:35:01,807 - INFO - Es duplicado 226
2024-10-03 10:35:01,808 - DEBUG - Ultimo recibido: 227
2024-10-03 10:35:01,809 - INFO - Es duplicado 227
2024-10-03 10:35:01,809 - DEBUG - Ultimo recibido: 228
2024-10-03 10:35:01,810 - INFO - Es duplicado 228
2024-10-03 10:35:01,811 - DEBUG - Ultimo recibido: 229
2024-10-03 10:35:01,813 - INFO - Es duplicado 229
2024-10-03 10:35:01,815 - DEBUG - Ultimo recibido: 230
2024-10-03 10:35:01,888 - INFO - Es duplicado 230
2024-10-03 10:35:01,888 - DEBUG - Ultimo recibido: 231
2024-10-03 10:35:01,889 - INFO - Es duplicado 231
2024-10-03 10:35:01,889 - DEBUG - Ultimo recibido: 232
2024-10-03 10:35:01,890 - INFO - Es duplicado 232
2024-10-03 10:35:01,891 - DEBUG - Ultimo recibido: 233
2024-10-03 10:35:01,891 - INFO - Es duplicado 233
2024-10-03 10:35:01,892 - DEBUG - Ultimo recibido: 234
2024-10-03 10:35:01,892 - INFO - Es duplicado 234
2024-10-03 10:35:01,892 - DEBUG - Ultimo recibido: 235
2024-10-03 10:35:01,892 - INFO - Es duplicado 235
2024-10-03 10:35:01,893 - DEBUG - Ultimo recibido: 236
2024-10-03 10:35:01,894 - INFO - Es duplicado 236
2024-10-03 10:35:01,894 - DEBUG - Ultimo recibido: 237
2024-10-03 10:35:01,895 - INFO - Es duplicado 237
2024-10-03 10:35:01,895 - DEBUG - Ultimo recibido: 238
2024-10-03 10:35:01,895 - INFO - Es duplicado 238
2024-10-03 10:35:01,896 - DEBUG - Ultimo recibido: 239
2024-10-03 10:35:01,896 - INFO - Es duplicado 239
2024-10-03 10:35:01,896 - DEBUG - Ultimo recibido: 240
2024-10-03 10:35:01,896 - INFO - Es duplicado 240
2024-10-03 10:35:01,898 - DEBUG - Ultimo recibido: 241
2024-10-03 10:35:01,899 - INFO - Es duplicado 241
2024-10-03 10:35:01,901 - DEBUG - Ultimo recibido: 242
2024-10-03 10:35:01,901 - INFO - Es duplicado 242
2024-10-03 10:35:01,901 - DEBUG - Ultimo recibido: 243
2024-10-03 10:35:01,902 - INFO - Es duplicado 243
2024-10-03 10:35:01,902 - DEBUG - Ultimo recibido: 244
2024-10-03 10:35:01,902 - INFO - Es duplicado 244
2024-10-03 10:35:01,902 - DEBUG - Ultimo recibido: 245
2024-10-03 10:35:01,903 - INFO - Es duplicado 245
2024-10-03 10:35:01,903 - DEBUG - Ultimo recibido: 246
2024-10-03 10:35:01,903 - INFO - Es duplicado 246
2024-10-03 10:35:01,903 - DEBUG - Ultimo recibido: 247
2024-10-03 10:35:01,903 - INFO - Es duplicado 247
2024-10-03 10:35:01,904 - DEBUG - Ultimo recibido: 248
2024-10-03 10:35:01,905 - INFO - Es duplicado 248
2024-10-03 10:35:01,907 - DEBUG - Ultimo recibido: 249
2024-10-03 10:35:01,907 - INFO - Es duplicado 249
2024-10-03 10:35:01,907 - DEBUG - Ultimo recibido: 250
2024-10-03 10:35:01,908 - INFO - Es duplicado 250
2024-10-03 10:35:01,908 - DEBUG - Ultimo recibido: 251
2024-10-03 10:35:01,908 - INFO - Es duplicado 251
2024-10-03 10:35:01,909 - DEBUG - Señal de fin de archivo recibida, terminando recepción.
2024-10-03 10:35:01,909 - INFO - Archivo recibido correctamente en ./client_storage/enunciado.pdf
2024-10-03 10:35:01,909 - INFO - Archivo guardado en ./client_storage/enunciado.pdf
